[2025-12-15T12:59:08.591574+00:00] admin_statistics.INFO: Pimcore\Bundle\AdminBundle\Controller\Admin\LoginController::loginAction ["0","pimcore_admin_login",[],[]] []
[2025-12-15T12:59:08.943881+00:00] admin_statistics.INFO: Pimcore\Bundle\AdminBundle\Controller\Admin\SettingsController::displayCustomLogoAction ["0","pimcore_settings_display_custom_logo",[],{"white":"true"}] []
[2025-12-15T12:59:16.162387+00:00] admin_statistics.INFO: Pimcore\Bundle\AdminBundle\Controller\Admin\IndexController::indexAction [2,"pimcore_admin_index",[],[]] []
[2025-12-15T12:59:26.773678+00:00] admin_statistics.INFO: Pimcore\Bundle\AdminBundle\Controller\Admin\UserController::getImageAction [2,"pimcore_admin_user_getimage",[],[]] []
[2025-12-15T12:59:26.856045+00:00] admin_statistics.INFO: Pimcore\Bundle\AdminBundle\Controller\Admin\MiscController::adminCssAction [2,"pimcore_admin_misc_admincss",[],[]] []
[2025-12-15T12:59:26.982124+00:00] admin_statistics.INFO: Pimcore\Bundle\AdminBundle\Controller\Admin\MiscController::jsonTranslationsSystemAction [2,"pimcore_admin_misc_jsontranslationssystem",[],{"language":"en"}] []
[2025-12-15T12:59:27.028341+00:00] admin_statistics.INFO: Pimcore\Bundle\AdminBundle\Controller\Admin\UserController::getCurrentUserAction [2,"pimcore_admin_user_getcurrentuser",[],[]] []
[2025-12-15T12:59:27.081716+00:00] admin_statistics.INFO: Pimcore\Bundle\AdminBundle\Controller\Admin\MiscController::availableLanguagesAction [2,"pimcore_admin_misc_availablelanguages",[],[]] []
[2025-12-15T12:59:27.256704+00:00] admin_statistics.INFO: Pimcore\Bundle\AdminBundle\Controller\Admin\MiscController::scriptProxyAction [2,"pimcore_admin_misc_scriptproxy",[],{"storageFile":"minified_javascript_core_e64a6a9c57232c4..."}] []
[2025-12-15T12:59:27.268506+00:00] admin_statistics.INFO: Pimcore\Bundle\AdminBundle\Controller\Admin\MiscController::scriptProxyAction [2,"pimcore_admin_misc_scriptproxy",[],{"storageFile":"minified_javascript_core_df07b591d661003..."}] []
[2025-12-15T12:59:28.250605+00:00] admin_statistics.INFO: Pimcore\Bundle\AdminBundle\Controller\Admin\SettingsController::displayCustomLogoAction [2,"pimcore_settings_display_custom_logo",[],[]] []
[2025-12-15T12:59:28.285366+00:00] admin_statistics.INFO: Pimcore\Bundle\AdminBundle\Controller\Admin\Document\DocumentController::treeGetRootAction [2,"pimcore_admin_document_document_treegetroot",[],{"id":"1","view":"","elementType":"document"}] []
[2025-12-15T12:59:28.364891+00:00] admin_statistics.INFO: Pimcore\Bundle\AdminBundle\Controller\Admin\Asset\AssetController::treeGetRootAction [2,"pimcore_admin_asset_treegetroot",[],{"id":"1","view":"","elementType":"asset"}] []
[2025-12-15T12:59:28.430489+00:00] admin_statistics.INFO: Pimcore\Bundle\AdminBundle\Controller\Admin\DataObject\DataObjectController::treeGetRootAction [2,"pimcore_admin_dataobject_dataobject_treegetroot",[],{"id":"","view":"","elementType":"object"}] []
[2025-12-15T12:59:28.492327+00:00] admin_statistics.INFO: Pimcore\Bundle\AdminBundle\Controller\Admin\PortalController::dashboardListAction [2,"pimcore_admin_portal_dashboardlist",[],[]] []
[2025-12-15T12:59:28.541656+00:00] admin_statistics.INFO: Pimcore\Bundle\AdminBundle\Controller\Admin\NotificationController::findLastUnreadAction [2,"pimcore_admin_notification_findlastunread",[],{"lastUpdate":"1765803567"}] []
[2025-12-15T12:59:28.572772+00:00] admin_statistics.INFO: Pimcore\Bundle\AdminBundle\Controller\Admin\Document\DocumentController::docTypesGetAction [2,"pimcore_admin_document_document_doctypesget",[],{"xaction":"read","page":"1","start":"0","limit":"25"}] []
[2025-12-15T12:59:28.615138+00:00] admin_statistics.INFO: Pimcore\Bundle\AdminBundle\Controller\Admin\DataObject\ClassController::getTreeAction [2,"pimcore_admin_dataobject_class_gettree",[],{"page":"1","start":"0","limit":"25"}] []
[2025-12-15T12:59:28.633183+00:00] admin_statistics.INFO: Pimcore\Bundle\AdminBundle\Controller\Admin\DataObject\ClassController::getTreeAction [2,"pimcore_admin_dataobject_class_gettree",[],{"createAllowed":"true","page":"1","start":"0","limit":"25"}] []
[2025-12-15T12:59:28.660653+00:00] admin_statistics.INFO: Pimcore\Bundle\AdminBundle\Controller\Admin\SettingsController::getAvailableAdminLanguagesAction [2,"pimcore_admin_settings_getavailableadminlanguages",[],{"page":"1","start":"0","limit":"25"}] []
[2025-12-15T12:59:28.670200+00:00] admin_statistics.INFO: Pimcore\Bundle\AdminBundle\Controller\Admin\SettingsController::getAvailableSitesAction [2,"pimcore_admin_settings_getavailablesites",[],{"page":"1","start":"0","limit":"25"}] []
[2025-12-15T12:59:28.707336+00:00] admin_statistics.INFO: Pimcore\Bundle\AdminBundle\Controller\Admin\DataObject\DataObjectController::treeGetChildrenByIdAction [2,"pimcore_admin_dataobject_dataobject_treegetchildrenbyid",[],{"limit":"30","view":"","parentPath":"/","page":"1","start":"0","node":"1"}] []
[2025-12-15T12:59:57.812009+00:00] admin_statistics.INFO: Pimcore\Bundle\AdminBundle\Controller\Admin\TranslationController::addAdminTranslationKeysAction [2,"pimcore_admin_translation_addadmintranslationkeys",[],{"keys":"[\"clear\"]"}] []
[2025-12-15T13:06:08.606196+00:00] admin_statistics.INFO: Pimcore\Bundle\AdminBundle\Controller\Admin\NotificationController::findLastUnreadAction [2,"pimcore_admin_notification_findlastunread",[],{"lastUpdate":"1765803568"}] []
[2025-12-16T04:34:10.354231+00:00] admin_statistics.INFO: Pimcore\Bundle\AdminBundle\Controller\Admin\LoginController::loginAction ["0","pimcore_admin_login",[],[]] []
[2025-12-16T04:34:10.936760+00:00] admin_statistics.INFO: Pimcore\Bundle\AdminBundle\Controller\Admin\SettingsController::displayCustomLogoAction ["0","pimcore_settings_display_custom_logo",[],{"white":"true"}] []
[2025-12-16T04:35:08.358396+00:00] admin_statistics.INFO: Pimcore\Bundle\AdminBundle\Controller\Admin\LoginController::loginAction ["0","pimcore_admin_login",[],[]] []
[2025-12-16T04:35:08.577259+00:00] admin_statistics.INFO: Pimcore\Bundle\AdminBundle\Controller\Admin\SettingsController::displayCustomLogoAction ["0","pimcore_settings_display_custom_logo",[],{"white":"true"}] []
[2025-12-16T04:35:16.237243+00:00] admin_statistics.INFO: Pimcore\Bundle\AdminBundle\Controller\Admin\LoginController::loginAction ["0","pimcore_admin_login",[],[]] []
[2025-12-16T04:35:16.330490+00:00] admin_statistics.INFO: Pimcore\Bundle\AdminBundle\Controller\Admin\SettingsController::displayCustomLogoAction ["0","pimcore_settings_display_custom_logo",[],{"white":"true"}] []
[2025-12-16T04:35:19.200180+00:00] admin_statistics.INFO: Pimcore\Bundle\AdminBundle\Controller\Admin\LoginController::loginAction ["0","pimcore_admin_login",[],[]] []
[2025-12-16T04:35:19.280970+00:00] admin_statistics.INFO: Pimcore\Bundle\AdminBundle\Controller\Admin\SettingsController::displayCustomLogoAction ["0","pimcore_settings_display_custom_logo",[],{"white":"true"}] []
[2025-12-16T04:35:59.608940+00:00] admin_statistics.INFO: Pimcore\Bundle\AdminBundle\Controller\Admin\LoginController::csrfTokenAction ["0","pimcore_admin_login_csrf_token",[],[]] []
[2025-12-16T04:36:05.202818+00:00] admin_statistics.INFO: Pimcore\Bundle\AdminBundle\Controller\Admin\IndexController::indexAction [2,"pimcore_admin_index",[],[]] []
[2025-12-16T04:36:14.219828+00:00] admin_statistics.INFO: Pimcore\Bundle\AdminBundle\Controller\Admin\UserController::getImageAction [2,"pimcore_admin_user_getimage",[],[]] []
[2025-12-16T04:36:14.247914+00:00] admin_statistics.INFO: Pimcore\Bundle\AdminBundle\Controller\Admin\MiscController::adminCssAction [2,"pimcore_admin_misc_admincss",[],[]] []
[2025-12-16T04:36:14.302315+00:00] admin_statistics.INFO: Pimcore\Bundle\AdminBundle\Controller\Admin\MiscController::jsonTranslationsSystemAction [2,"pimcore_admin_misc_jsontranslationssystem",[],{"language":"en"}] []
[2025-12-16T04:36:14.329252+00:00] admin_statistics.INFO: Pimcore\Bundle\AdminBundle\Controller\Admin\UserController::getCurrentUserAction [2,"pimcore_admin_user_getcurrentuser",[],[]] []
[2025-12-16T04:36:14.367579+00:00] admin_statistics.INFO: Pimcore\Bundle\AdminBundle\Controller\Admin\MiscController::availableLanguagesAction [2,"pimcore_admin_misc_availablelanguages",[],[]] []
[2025-12-16T04:36:16.057590+00:00] admin_statistics.INFO: Pimcore\Bundle\AdminBundle\Controller\Admin\SettingsController::displayCustomLogoAction [2,"pimcore_settings_display_custom_logo",[],[]] []
[2025-12-16T04:36:16.065750+00:00] admin_statistics.INFO: Pimcore\Bundle\AdminBundle\Controller\Admin\Document\DocumentController::treeGetRootAction [2,"pimcore_admin_document_document_treegetroot",[],{"id":"1","view":"","elementType":"document"}] []
[2025-12-16T04:36:16.119306+00:00] admin_statistics.INFO: Pimcore\Bundle\AdminBundle\Controller\Admin\DataObject\DataObjectController::treeGetRootAction [2,"pimcore_admin_dataobject_dataobject_treegetroot",[],{"id":"","view":"","elementType":"object"}] []
[2025-12-16T04:36:16.149957+00:00] admin_statistics.INFO: Pimcore\Bundle\AdminBundle\Controller\Admin\Asset\AssetController::treeGetRootAction [2,"pimcore_admin_asset_treegetroot",[],{"id":"1","view":"","elementType":"asset"}] []
[2025-12-16T04:36:16.173438+00:00] admin_statistics.INFO: Pimcore\Bundle\AdminBundle\Controller\Admin\PortalController::dashboardListAction [2,"pimcore_admin_portal_dashboardlist",[],[]] []
[2025-12-16T04:36:16.191979+00:00] admin_statistics.INFO: Pimcore\Bundle\AdminBundle\Controller\Admin\NotificationController::findLastUnreadAction [2,"pimcore_admin_notification_findlastunread",[],{"lastUpdate":"1765859775"}] []
[2025-12-16T04:36:16.213388+00:00] admin_statistics.INFO: Pimcore\Bundle\AdminBundle\Controller\Admin\Document\DocumentController::docTypesGetAction [2,"pimcore_admin_document_document_doctypesget",[],{"xaction":"read","page":"1","start":"0","limit":"25"}] []
[2025-12-16T04:36:16.227028+00:00] admin_statistics.INFO: Pimcore\Bundle\AdminBundle\Controller\Admin\DataObject\ClassController::getTreeAction [2,"pimcore_admin_dataobject_class_gettree",[],{"page":"1","start":"0","limit":"25"}] []
[2025-12-16T04:36:16.243854+00:00] admin_statistics.INFO: Pimcore\Bundle\AdminBundle\Controller\Admin\DataObject\ClassController::getTreeAction [2,"pimcore_admin_dataobject_class_gettree",[],{"createAllowed":"true","page":"1","start":"0","limit":"25"}] []
[2025-12-16T04:36:16.251865+00:00] admin_statistics.INFO: Pimcore\Bundle\AdminBundle\Controller\Admin\SettingsController::getAvailableAdminLanguagesAction [2,"pimcore_admin_settings_getavailableadminlanguages",[],{"page":"1","start":"0","limit":"25"}] []
[2025-12-16T04:36:16.269655+00:00] admin_statistics.INFO: Pimcore\Bundle\AdminBundle\Controller\Admin\SettingsController::getAvailableSitesAction [2,"pimcore_admin_settings_getavailablesites",[],{"page":"1","start":"0","limit":"25"}] []
[2025-12-16T04:36:16.278496+00:00] admin_statistics.INFO: Pimcore\Bundle\AdminBundle\Controller\Admin\DataObject\DataObjectController::treeGetChildrenByIdAction [2,"pimcore_admin_dataobject_dataobject_treegetchildrenbyid",[],{"limit":"30","view":"","parentPath":"/","page":"1","start":"0","node":"1"}] []
[2025-12-16T04:48:26.914414+00:00] admin_statistics.INFO: Pimcore\Bundle\AdminBundle\Controller\Admin\NotificationController::findLastUnreadAction [2,"pimcore_admin_notification_findlastunread",[],{"lastUpdate":"1765859776"}] []
[2025-12-16T04:48:29.151962+00:00] admin_statistics.INFO: Pimcore\Bundle\AdminBundle\Controller\Admin\IndexController::indexAction [2,"pimcore_admin_index",[],[]] []
[2025-12-16T04:48:39.263943+00:00] admin_statistics.INFO: Pimcore\Bundle\AdminBundle\Controller\Admin\IndexController::indexAction [2,"pimcore_admin_index",[],[]] []
[2025-12-16T04:48:47.900479+00:00] admin_statistics.INFO: Pimcore\Bundle\AdminBundle\Controller\Admin\NotificationController::findLastUnreadAction [2,"pimcore_admin_notification_findlastunread",[],{"lastUpdate":"1765860507"}] []
[2025-12-16T04:48:48.012463+00:00] admin_statistics.INFO: Pimcore\Bundle\AdminBundle\Controller\Admin\UserController::getImageAction [2,"pimcore_admin_user_getimage",[],[]] []
[2025-12-16T04:48:48.044312+00:00] admin_statistics.INFO: Pimcore\Bundle\AdminBundle\Controller\Admin\MiscController::adminCssAction [2,"pimcore_admin_misc_admincss",[],[]] []
[2025-12-16T04:48:48.081406+00:00] admin_statistics.INFO: Pimcore\Bundle\AdminBundle\Controller\Admin\MiscController::jsonTranslationsSystemAction [2,"pimcore_admin_misc_jsontranslationssystem",[],{"language":"en"}] []
[2025-12-16T04:48:48.146494+00:00] admin_statistics.INFO: Pimcore\Bundle\AdminBundle\Controller\Admin\UserController::getCurrentUserAction [2,"pimcore_admin_user_getcurrentuser",[],[]] []
[2025-12-16T04:48:48.160337+00:00] admin_statistics.INFO: Pimcore\Bundle\AdminBundle\Controller\Admin\MiscController::availableLanguagesAction [2,"pimcore_admin_misc_availablelanguages",[],[]] []
[2025-12-16T04:48:48.759726+00:00] admin_statistics.INFO: Pimcore\Bundle\AdminBundle\Controller\Admin\SettingsController::displayCustomLogoAction [2,"pimcore_settings_display_custom_logo",[],[]] []
[2025-12-16T04:48:48.776825+00:00] admin_statistics.INFO: Pimcore\Bundle\AdminBundle\Controller\Admin\Document\DocumentController::treeGetRootAction [2,"pimcore_admin_document_document_treegetroot",[],{"id":"1","view":"","elementType":"document"}] []
[2025-12-16T04:48:48.798345+00:00] admin_statistics.INFO: Pimcore\Bundle\AdminBundle\Controller\Admin\Asset\AssetController::treeGetRootAction [2,"pimcore_admin_asset_treegetroot",[],{"id":"1","view":"","elementType":"asset"}] []
[2025-12-16T04:48:48.812801+00:00] admin_statistics.INFO: Pimcore\Bundle\AdminBundle\Controller\Admin\DataObject\DataObjectController::treeGetRootAction [2,"pimcore_admin_dataobject_dataobject_treegetroot",[],{"id":"","view":"","elementType":"object"}] []
[2025-12-16T04:48:48.824738+00:00] admin_statistics.INFO: Pimcore\Bundle\AdminBundle\Controller\Admin\PortalController::dashboardListAction [2,"pimcore_admin_portal_dashboardlist",[],[]] []
[2025-12-16T04:48:48.837949+00:00] admin_statistics.INFO: Pimcore\Bundle\AdminBundle\Controller\Admin\NotificationController::findLastUnreadAction [2,"pimcore_admin_notification_findlastunread",[],{"lastUpdate":"1765860529"}] []
[2025-12-16T04:48:48.848708+00:00] admin_statistics.INFO: Pimcore\Bundle\AdminBundle\Controller\Admin\Document\DocumentController::docTypesGetAction [2,"pimcore_admin_document_document_doctypesget",[],{"xaction":"read","page":"1","start":"0","limit":"25"}] []
[2025-12-16T04:48:48.860464+00:00] admin_statistics.INFO: Pimcore\Bundle\AdminBundle\Controller\Admin\DataObject\ClassController::getTreeAction [2,"pimcore_admin_dataobject_class_gettree",[],{"page":"1","start":"0","limit":"25"}] []
[2025-12-16T04:48:48.872953+00:00] admin_statistics.INFO: Pimcore\Bundle\AdminBundle\Controller\Admin\DataObject\ClassController::getTreeAction [2,"pimcore_admin_dataobject_class_gettree",[],{"createAllowed":"true","page":"1","start":"0","limit":"25"}] []
[2025-12-16T04:48:48.879905+00:00] admin_statistics.INFO: Pimcore\Bundle\AdminBundle\Controller\Admin\SettingsController::getAvailableAdminLanguagesAction [2,"pimcore_admin_settings_getavailableadminlanguages",[],{"page":"1","start":"0","limit":"25"}] []
[2025-12-16T04:48:48.891097+00:00] admin_statistics.INFO: Pimcore\Bundle\AdminBundle\Controller\Admin\SettingsController::getAvailableSitesAction [2,"pimcore_admin_settings_getavailablesites",[],{"page":"1","start":"0","limit":"25"}] []
[2025-12-16T04:48:48.962185+00:00] admin_statistics.INFO: Pimcore\Bundle\AdminBundle\Controller\Admin\DataObject\DataObjectController::treeGetChildrenByIdAction [2,"pimcore_admin_dataobject_dataobject_treegetchildrenbyid",[],{"limit":"30","view":"","parentPath":"/","page":"1","start":"0","node":"1"}] []
[2025-12-16T04:49:02.808595+00:00] admin_statistics.INFO: Pimcore\Bundle\AdminBundle\Controller\Admin\DataObject\ClassController::getTreeAction [2,"pimcore_admin_dataobject_class_gettree",[],{"grouped":"1","withId":"1","node":"0"}] []
[2025-12-16T04:49:04.612189+00:00] admin_statistics.INFO: Pimcore\Bundle\AdminBundle\Controller\Admin\DataObject\ClassController::suggestClassIdentifierAction [2,"pimcore_admin_dataobject_class_suggestclassidentifier",[],[]] []
[2025-12-16T04:49:18.453741+00:00] admin_statistics.INFO: Pimcore\Bundle\AdminBundle\Controller\Admin\NotificationController::findLastUnreadAction [2,"pimcore_admin_notification_findlastunread",[],{"lastUpdate":"1765860529"}] []
[2025-12-16T04:49:18.888520+00:00] admin_statistics.INFO: Pimcore\Bundle\AdminBundle\Controller\Admin\DataObject\ClassController::addAction [2,"pimcore_admin_dataobject_class_add",[],{"className":"customer","classIdentifier":"customer"}] []
[2025-12-16T04:49:19.177321+00:00] admin_statistics.INFO: Pimcore\Bundle\AdminBundle\Controller\Admin\DataObject\ClassController::getAction [2,"pimcore_admin_dataobject_class_get",[],{"id":"customer"}] []
[2025-12-16T04:49:19.186965+00:00] admin_statistics.INFO: Pimcore\Bundle\AdminBundle\Controller\Admin\DataObject\ClassController::getTreeAction [2,"pimcore_admin_dataobject_class_gettree",[],{"grouped":"1","withId":"1","node":"0"}] []
[2025-12-16T04:49:19.202574+00:00] admin_statistics.INFO: Pimcore\Bundle\AdminBundle\Controller\Admin\DataObject\ClassController::getTreeAction [2,"pimcore_admin_dataobject_class_gettree",[],{"page":"1","start":"0","limit":"25"}] []
[2025-12-16T04:49:19.213150+00:00] admin_statistics.INFO: Pimcore\Bundle\AdminBundle\Controller\Admin\DataObject\ClassController::getTreeAction [2,"pimcore_admin_dataobject_class_gettree",[],{"createAllowed":"true","page":"1","start":"0","limit":"25"}] []
[2025-12-16T04:49:19.394115+00:00] admin_statistics.INFO: Pimcore\Bundle\AdminBundle\Controller\Admin\DataObject\ClassController::getBrickUsagesAction [2,"pimcore_admin_dataobject_class_getbrickusages",[],{"classId":"customer","page":"1","start":"0","limit":"25"}] []
[2025-12-16T04:49:20.905492+00:00] admin_statistics.INFO: Pimcore\Bundle\AdminBundle\Controller\Admin\DataObject\ClassController::suggestClassIdentifierAction [2,"pimcore_admin_dataobject_class_suggestclassidentifier",[],[]] []
[2025-12-16T04:49:32.636878+00:00] admin_statistics.INFO: Pimcore\Bundle\AdminBundle\Controller\Admin\DataObject\ClassController::addAction [2,"pimcore_admin_dataobject_class_add",[],{"className":"Dealer","classIdentifier":"dealer"}] []
[2025-12-16T04:49:32.848567+00:00] admin_statistics.INFO: Pimcore\Bundle\AdminBundle\Controller\Admin\DataObject\ClassController::getAction [2,"pimcore_admin_dataobject_class_get",[],{"id":"dealer"}] []
[2025-12-16T04:49:32.865994+00:00] admin_statistics.INFO: Pimcore\Bundle\AdminBundle\Controller\Admin\DataObject\ClassController::getTreeAction [2,"pimcore_admin_dataobject_class_gettree",[],{"grouped":"1","withId":"1","node":"0"}] []
[2025-12-16T04:49:32.884168+00:00] admin_statistics.INFO: Pimcore\Bundle\AdminBundle\Controller\Admin\DataObject\ClassController::getTreeAction [2,"pimcore_admin_dataobject_class_gettree",[],{"page":"1","start":"0","limit":"25"}] []
[2025-12-16T04:49:32.898180+00:00] admin_statistics.INFO: Pimcore\Bundle\AdminBundle\Controller\Admin\DataObject\ClassController::getTreeAction [2,"pimcore_admin_dataobject_class_gettree",[],{"createAllowed":"true","page":"1","start":"0","limit":"25"}] []
[2025-12-16T04:49:33.031152+00:00] admin_statistics.INFO: Pimcore\Bundle\AdminBundle\Controller\Admin\DataObject\ClassController::getBrickUsagesAction [2,"pimcore_admin_dataobject_class_getbrickusages",[],{"classId":"dealer","page":"1","start":"0","limit":"25"}] []
[2025-12-16T04:49:48.442855+00:00] admin_statistics.INFO: Pimcore\Bundle\AdminBundle\Controller\Admin\TranslationController::addAdminTranslationKeysAction [2,"pimcore_admin_translation_addadmintranslationkeys",[],{"keys":"[\"customer\",\"Dealer\"]"}] []
[2025-12-16T04:49:48.455105+00:00] admin_statistics.INFO: Pimcore\Bundle\AdminBundle\Controller\Admin\NotificationController::findLastUnreadAction [2,"pimcore_admin_notification_findlastunread",[],{"lastUpdate":"1765860559"}] []
[2025-12-16T04:50:07.510925+00:00] admin_statistics.INFO: Pimcore\Bundle\AdminBundle\Controller\Admin\DataObject\ClassController::suggestClassIdentifierAction [2,"pimcore_admin_dataobject_class_suggestclassidentifier",[],[]] []
[2025-12-16T04:50:16.420439+00:00] admin_statistics.INFO: Pimcore\Bundle\AdminBundle\Controller\Admin\DataObject\ClassController::addAction [2,"pimcore_admin_dataobject_class_add",[],{"className":"Event","classIdentifier":"event"}] []
[2025-12-16T04:50:16.680513+00:00] admin_statistics.INFO: Pimcore\Bundle\AdminBundle\Controller\Admin\DataObject\ClassController::getAction [2,"pimcore_admin_dataobject_class_get",[],{"id":"event"}] []
[2025-12-16T04:50:16.690184+00:00] admin_statistics.INFO: Pimcore\Bundle\AdminBundle\Controller\Admin\DataObject\ClassController::getTreeAction [2,"pimcore_admin_dataobject_class_gettree",[],{"grouped":"1","withId":"1","node":"0"}] []
[2025-12-16T04:50:16.714580+00:00] admin_statistics.INFO: Pimcore\Bundle\AdminBundle\Controller\Admin\DataObject\ClassController::getTreeAction [2,"pimcore_admin_dataobject_class_gettree",[],{"page":"1","start":"0","limit":"25"}] []
[2025-12-16T04:50:16.733540+00:00] admin_statistics.INFO: Pimcore\Bundle\AdminBundle\Controller\Admin\DataObject\ClassController::getTreeAction [2,"pimcore_admin_dataobject_class_gettree",[],{"createAllowed":"true","page":"1","start":"0","limit":"25"}] []
[2025-12-16T04:50:16.866623+00:00] admin_statistics.INFO: Pimcore\Bundle\AdminBundle\Controller\Admin\DataObject\ClassController::getBrickUsagesAction [2,"pimcore_admin_dataobject_class_getbrickusages",[],{"classId":"event","page":"1","start":"0","limit":"25"}] []
[2025-12-16T04:50:18.392421+00:00] admin_statistics.INFO: Pimcore\Bundle\AdminBundle\Controller\Admin\TranslationController::addAdminTranslationKeysAction [2,"pimcore_admin_translation_addadmintranslationkeys",[],{"keys":"[\"Event\"]"}] []
[2025-12-16T04:50:18.402434+00:00] admin_statistics.INFO: Pimcore\Bundle\AdminBundle\Controller\Admin\NotificationController::findLastUnreadAction [2,"pimcore_admin_notification_findlastunread",[],{"lastUpdate":"1765860589"}] []
[2025-12-16T04:50:54.472572+00:00] admin_statistics.INFO: Pimcore\Bundle\AdminBundle\Controller\Admin\DataObject\ClassController::suggestClassIdentifierAction [2,"pimcore_admin_dataobject_class_suggestclassidentifier",[],[]] []
[2025-12-16T04:51:20.085384+00:00] admin_statistics.INFO: Pimcore\Bundle\AdminBundle\Controller\Admin\NotificationController::findLastUnreadAction [2,"pimcore_admin_notification_findlastunread",[],{"lastUpdate":"1765860619"}] []
[2025-12-16T04:51:22.911397+00:00] admin_statistics.INFO: Pimcore\Bundle\AdminBundle\Controller\Admin\DataObject\ClassController::addAction [2,"pimcore_admin_dataobject_class_add",[],{"className":"Prospects","classIdentifier":"prospects"}] []
[2025-12-16T04:51:23.159058+00:00] admin_statistics.INFO: Pimcore\Bundle\AdminBundle\Controller\Admin\DataObject\ClassController::getAction [2,"pimcore_admin_dataobject_class_get",[],{"id":"prospects"}] []
[2025-12-16T04:51:23.188284+00:00] admin_statistics.INFO: Pimcore\Bundle\AdminBundle\Controller\Admin\DataObject\ClassController::getTreeAction [2,"pimcore_admin_dataobject_class_gettree",[],{"grouped":"1","withId":"1","node":"0"}] []
[2025-12-16T04:51:23.215090+00:00] admin_statistics.INFO: Pimcore\Bundle\AdminBundle\Controller\Admin\DataObject\ClassController::getTreeAction [2,"pimcore_admin_dataobject_class_gettree",[],{"page":"1","start":"0","limit":"25"}] []
[2025-12-16T04:51:23.260715+00:00] admin_statistics.INFO: Pimcore\Bundle\AdminBundle\Controller\Admin\DataObject\ClassController::getTreeAction [2,"pimcore_admin_dataobject_class_gettree",[],{"createAllowed":"true","page":"1","start":"0","limit":"25"}] []
[2025-12-16T04:51:23.328169+00:00] admin_statistics.INFO: Pimcore\Bundle\AdminBundle\Controller\Admin\DataObject\ClassController::getBrickUsagesAction [2,"pimcore_admin_dataobject_class_getbrickusages",[],{"classId":"prospects","page":"1","start":"0","limit":"25"}] []
[2025-12-16T04:51:50.042781+00:00] admin_statistics.INFO: Pimcore\Bundle\AdminBundle\Controller\Admin\TranslationController::addAdminTranslationKeysAction [2,"pimcore_admin_translation_addadmintranslationkeys",[],{"keys":"[\"Prospects\"]"}] []
[2025-12-16T04:51:50.055081+00:00] admin_statistics.INFO: Pimcore\Bundle\AdminBundle\Controller\Admin\NotificationController::findLastUnreadAction [2,"pimcore_admin_notification_findlastunread",[],{"lastUpdate":"1765860679"}] []
[2025-12-16T04:51:55.039118+00:00] admin_statistics.INFO: Pimcore\Bundle\AdminBundle\Controller\Admin\DataObject\ClassController::saveAction [2,"pimcore_admin_dataobject_class_save",[],{"configuration":"{\"children\":[{\"name\":\"Layout\",\"datatype\"...","values":"{\"dao\":null,\"id\":\"customer\",\"name\":\"Cust...","id":"customer"}] []
[2025-12-16T04:51:55.363343+00:00] admin_statistics.INFO: Pimcore\Bundle\AdminBundle\Controller\Admin\DataObject\ClassController::getTreeAction [2,"pimcore_admin_dataobject_class_gettree",[],{"grouped":"1","withId":"1","node":"0"}] []
[2025-12-16T04:51:55.383968+00:00] admin_statistics.INFO: Pimcore\Bundle\AdminBundle\Controller\Admin\DataObject\ClassController::getTreeAction [2,"pimcore_admin_dataobject_class_gettree",[],{"page":"1","start":"0","limit":"25"}] []
[2025-12-16T04:51:55.528430+00:00] admin_statistics.INFO: Pimcore\Bundle\AdminBundle\Controller\Admin\DataObject\ClassController::getTreeAction [2,"pimcore_admin_dataobject_class_gettree",[],{"createAllowed":"true","page":"1","start":"0","limit":"25"}] []
[2025-12-16T04:52:09.952425+00:00] admin_statistics.INFO: Pimcore\Bundle\AdminBundle\Controller\Admin\DataObject\ClassController::saveAction [2,"pimcore_admin_dataobject_class_save",[],{"configuration":"{\"children\":[{\"name\":\"Layout\",\"datatype\"...","values":"{\"dao\":null,\"id\":\"customer\",\"name\":\"Cust...","id":"customer"}] []
[2025-12-16T04:52:10.187185+00:00] admin_statistics.INFO: Pimcore\Bundle\AdminBundle\Controller\Admin\DataObject\ClassController::getTreeAction [2,"pimcore_admin_dataobject_class_gettree",[],{"grouped":"1","withId":"1","node":"0"}] []
[2025-12-16T04:52:10.208736+00:00] admin_statistics.INFO: Pimcore\Bundle\AdminBundle\Controller\Admin\DataObject\ClassController::getTreeAction [2,"pimcore_admin_dataobject_class_gettree",[],{"page":"1","start":"0","limit":"25"}] []
[2025-12-16T04:52:10.234461+00:00] admin_statistics.INFO: Pimcore\Bundle\AdminBundle\Controller\Admin\DataObject\ClassController::getTreeAction [2,"pimcore_admin_dataobject_class_gettree",[],{"createAllowed":"true","page":"1","start":"0","limit":"25"}] []
[2025-12-16T04:52:20.211844+00:00] admin_statistics.INFO: Pimcore\Bundle\AdminBundle\Controller\Admin\TranslationController::addAdminTranslationKeysAction [2,"pimcore_admin_translation_addadmintranslationkeys",[],{"keys":"[\"Customer\",\"global\",\"ignoreCase\",\"multi..."}] []
[2025-12-16T04:52:47.261653+00:00] admin_statistics.INFO: Pimcore\Bundle\AdminBundle\Controller\Admin\DataObject\ClassController::saveAction [2,"pimcore_admin_dataobject_class_save",[],{"configuration":"{\"children\":[{\"name\":\"Layout\",\"datatype\"...","values":"{\"dao\":null,\"id\":\"customer\",\"name\":\"Cust...","id":"customer"}] []
[2025-12-16T04:52:47.488365+00:00] admin_statistics.INFO: Pimcore\Bundle\AdminBundle\Controller\Admin\DataObject\ClassController::getTreeAction [2,"pimcore_admin_dataobject_class_gettree",[],{"grouped":"1","withId":"1","node":"0"}] []
[2025-12-16T04:52:47.529096+00:00] admin_statistics.INFO: Pimcore\Bundle\AdminBundle\Controller\Admin\DataObject\ClassController::getTreeAction [2,"pimcore_admin_dataobject_class_gettree",[],{"page":"1","start":"0","limit":"25"}] []
[2025-12-16T04:52:47.552388+00:00] admin_statistics.INFO: Pimcore\Bundle\AdminBundle\Controller\Admin\DataObject\ClassController::getTreeAction [2,"pimcore_admin_dataobject_class_gettree",[],{"createAllowed":"true","page":"1","start":"0","limit":"25"}] []
[2025-12-16T04:52:49.839205+00:00] admin_statistics.INFO: Pimcore\Bundle\AdminBundle\Controller\Admin\NotificationController::findLastUnreadAction [2,"pimcore_admin_notification_findlastunread",[],{"lastUpdate":"1765860709"}] []
[2025-12-16T04:53:19.613735+00:00] admin_statistics.INFO: Pimcore\Bundle\AdminBundle\Controller\Admin\NotificationController::findLastUnreadAction [2,"pimcore_admin_notification_findlastunread",[],{"lastUpdate":"1765860769"}] []
[2025-12-16T04:53:37.426436+00:00] admin_statistics.INFO: Pimcore\Bundle\AdminBundle\Controller\Admin\DataObject\ClassController::saveAction [2,"pimcore_admin_dataobject_class_save",[],{"configuration":"{\"children\":[{\"name\":\"Layout\",\"datatype\"...","values":"{\"dao\":null,\"id\":\"customer\",\"name\":\"Cust...","id":"customer"}] []
[2025-12-16T04:53:37.811233+00:00] admin_statistics.INFO: Pimcore\Bundle\AdminBundle\Controller\Admin\DataObject\ClassController::getTreeAction [2,"pimcore_admin_dataobject_class_gettree",[],{"grouped":"1","withId":"1","node":"0"}] []
[2025-12-16T04:53:37.833972+00:00] admin_statistics.INFO: Pimcore\Bundle\AdminBundle\Controller\Admin\DataObject\ClassController::getTreeAction [2,"pimcore_admin_dataobject_class_gettree",[],{"page":"1","start":"0","limit":"25"}] []
[2025-12-16T04:53:37.862193+00:00] admin_statistics.INFO: Pimcore\Bundle\AdminBundle\Controller\Admin\DataObject\ClassController::getTreeAction [2,"pimcore_admin_dataobject_class_gettree",[],{"createAllowed":"true","page":"1","start":"0","limit":"25"}] []
[2025-12-16T04:53:50.025627+00:00] admin_statistics.INFO: Pimcore\Bundle\AdminBundle\Controller\Admin\NotificationController::findLastUnreadAction [2,"pimcore_admin_notification_findlastunread",[],{"lastUpdate":"1765860799"}] []
[2025-12-16T04:55:19.107789+00:00] admin_statistics.INFO: Pimcore\Bundle\AdminBundle\Controller\Admin\NotificationController::findLastUnreadAction [2,"pimcore_admin_notification_findlastunread",[],{"lastUpdate":"1765860829"}] []
[2025-12-16T04:55:27.973122+00:00] admin_statistics.INFO: Pimcore\Bundle\AdminBundle\Controller\Admin\DataObject\ClassController::saveAction [2,"pimcore_admin_dataobject_class_save",[],{"configuration":"{\"children\":[{\"name\":\"Layout\",\"datatype\"...","values":"{\"dao\":null,\"id\":\"customer\",\"name\":\"Cust...","id":"customer"}] []
[2025-12-16T04:55:28.224317+00:00] admin_statistics.INFO: Pimcore\Bundle\AdminBundle\Controller\Admin\DataObject\ClassController::getTreeAction [2,"pimcore_admin_dataobject_class_gettree",[],{"grouped":"1","withId":"1","node":"0"}] []
[2025-12-16T04:55:28.248434+00:00] admin_statistics.INFO: Pimcore\Bundle\AdminBundle\Controller\Admin\DataObject\ClassController::getTreeAction [2,"pimcore_admin_dataobject_class_gettree",[],{"page":"1","start":"0","limit":"25"}] []
[2025-12-16T04:55:28.274507+00:00] admin_statistics.INFO: Pimcore\Bundle\AdminBundle\Controller\Admin\DataObject\ClassController::getTreeAction [2,"pimcore_admin_dataobject_class_gettree",[],{"createAllowed":"true","page":"1","start":"0","limit":"25"}] []
[2025-12-16T04:55:44.560992+00:00] admin_statistics.INFO: Pimcore\Bundle\AdminBundle\Controller\Admin\DataObject\ClassController::saveAction [2,"pimcore_admin_dataobject_class_save",[],{"configuration":"{\"children\":[{\"name\":\"Layout\",\"datatype\"...","values":"{\"dao\":null,\"id\":\"customer\",\"name\":\"Cust...","id":"customer"}] []
[2025-12-16T04:55:44.854389+00:00] admin_statistics.INFO: Pimcore\Bundle\AdminBundle\Controller\Admin\DataObject\ClassController::getTreeAction [2,"pimcore_admin_dataobject_class_gettree",[],{"grouped":"1","withId":"1","node":"0"}] []
[2025-12-16T04:55:44.876004+00:00] admin_statistics.INFO: Pimcore\Bundle\AdminBundle\Controller\Admin\DataObject\ClassController::getTreeAction [2,"pimcore_admin_dataobject_class_gettree",[],{"page":"1","start":"0","limit":"25"}] []
[2025-12-16T04:55:44.899525+00:00] admin_statistics.INFO: Pimcore\Bundle\AdminBundle\Controller\Admin\DataObject\ClassController::getTreeAction [2,"pimcore_admin_dataobject_class_gettree",[],{"createAllowed":"true","page":"1","start":"0","limit":"25"}] []
[2025-12-16T04:56:18.682122+00:00] admin_statistics.INFO: Pimcore\Bundle\AdminBundle\Controller\Admin\NotificationController::findLastUnreadAction [2,"pimcore_admin_notification_findlastunread",[],{"lastUpdate":"1765860919"}] []
[2025-12-16T04:56:29.190227+00:00] admin_statistics.INFO: Pimcore\Bundle\AdminBundle\Controller\Admin\DataObject\ClassController::saveAction [2,"pimcore_admin_dataobject_class_save",[],{"configuration":"{\"children\":[{\"name\":\"Layout\",\"datatype\"...","values":"{\"dao\":null,\"id\":\"customer\",\"name\":\"Cust...","id":"customer"}] []
[2025-12-16T04:56:29.421533+00:00] admin_statistics.INFO: Pimcore\Bundle\AdminBundle\Controller\Admin\DataObject\ClassController::getTreeAction [2,"pimcore_admin_dataobject_class_gettree",[],{"grouped":"1","withId":"1","node":"0"}] []
[2025-12-16T04:56:29.442432+00:00] admin_statistics.INFO: Pimcore\Bundle\AdminBundle\Controller\Admin\DataObject\ClassController::getTreeAction [2,"pimcore_admin_dataobject_class_gettree",[],{"page":"1","start":"0","limit":"25"}] []
[2025-12-16T04:56:29.463791+00:00] admin_statistics.INFO: Pimcore\Bundle\AdminBundle\Controller\Admin\DataObject\ClassController::getTreeAction [2,"pimcore_admin_dataobject_class_gettree",[],{"createAllowed":"true","page":"1","start":"0","limit":"25"}] []
[2025-12-16T04:56:48.637597+00:00] admin_statistics.INFO: Pimcore\Bundle\AdminBundle\Controller\Admin\NotificationController::findLastUnreadAction [2,"pimcore_admin_notification_findlastunread",[],{"lastUpdate":"1765860979"}] []
[2025-12-16T04:56:50.102382+00:00] admin_statistics.INFO: Pimcore\Bundle\AdminBundle\Controller\Admin\DataObject\ClassController::getBrickUsagesAction [2,"pimcore_admin_dataobject_class_getbrickusages",[],{"classId":"event","page":"1","start":"0","limit":"25"}] []
[2025-12-16T04:56:55.016941+00:00] admin_statistics.INFO: Pimcore\Bundle\AdminBundle\Controller\Admin\DataObject\ClassController::getBrickUsagesAction [2,"pimcore_admin_dataobject_class_getbrickusages",[],{"classId":"prospects","page":"1","start":"0","limit":"25"}] []
[2025-12-16T04:57:09.694635+00:00] admin_statistics.INFO: Pimcore\Bundle\AdminBundle\Controller\Admin\DataObject\ClassController::saveAction [2,"pimcore_admin_dataobject_class_save",[],{"configuration":"{\"children\":[{\"name\":\"Layout\",\"datatype\"...","values":"{\"dao\":null,\"id\":\"dealer\",\"name\":\"Dealer...","id":"dealer"}] []
[2025-12-16T04:57:09.938971+00:00] admin_statistics.INFO: Pimcore\Bundle\AdminBundle\Controller\Admin\DataObject\ClassController::getTreeAction [2,"pimcore_admin_dataobject_class_gettree",[],{"grouped":"1","withId":"1","node":"0"}] []
[2025-12-16T04:57:09.963256+00:00] admin_statistics.INFO: Pimcore\Bundle\AdminBundle\Controller\Admin\DataObject\ClassController::getTreeAction [2,"pimcore_admin_dataobject_class_gettree",[],{"createAllowed":"true","page":"1","start":"0","limit":"25"}] []
[2025-12-16T04:57:09.988070+00:00] admin_statistics.INFO: Pimcore\Bundle\AdminBundle\Controller\Admin\DataObject\ClassController::getTreeAction [2,"pimcore_admin_dataobject_class_gettree",[],{"page":"1","start":"0","limit":"25"}] []
[2025-12-16T04:58:19.538556+00:00] admin_statistics.INFO: Pimcore\Bundle\AdminBundle\Controller\Admin\NotificationController::findLastUnreadAction [2,"pimcore_admin_notification_findlastunread",[],{"lastUpdate":"1765861009"}] []
[2025-12-16T04:58:38.034107+00:00] admin_statistics.INFO: Pimcore\Bundle\AdminBundle\Controller\Admin\DataObject\ClassController::selectOptionsTreeAction [2,"pimcore_admin_dataobject_class_selectoptionstree",[],{"grouped":"0","page":"1","start":"0","limit":"25"}] []
[2025-12-16T04:58:49.202284+00:00] admin_statistics.INFO: Pimcore\Bundle\AdminBundle\Controller\Admin\NotificationController::findLastUnreadAction [2,"pimcore_admin_notification_findlastunread",[],{"lastUpdate":"1765861099"}] []
[2025-12-16T04:58:49.211125+00:00] admin_statistics.INFO: Pimcore\Bundle\AdminBundle\Controller\Admin\TranslationController::addAdminTranslationKeysAction [2,"pimcore_admin_translation_addadmintranslationkeys",[],{"keys":"[\"up\",\"down\"]"}] []
[2025-12-16T04:59:03.820167+00:00] admin_statistics.INFO: Pimcore\Bundle\AdminBundle\Controller\Admin\DataObject\ClassController::saveAction [2,"pimcore_admin_dataobject_class_save",[],{"configuration":"{\"children\":[{\"name\":\"Layout\",\"datatype\"...","values":"{\"dao\":null,\"id\":\"customer\",\"name\":\"Cust...","id":"customer"}] []
[2025-12-16T04:59:04.108487+00:00] admin_statistics.INFO: Pimcore\Bundle\AdminBundle\Controller\Admin\DataObject\ClassController::getTreeAction [2,"pimcore_admin_dataobject_class_gettree",[],{"grouped":"1","withId":"1","node":"0"}] []
[2025-12-16T04:59:04.128353+00:00] admin_statistics.INFO: Pimcore\Bundle\AdminBundle\Controller\Admin\DataObject\ClassController::getTreeAction [2,"pimcore_admin_dataobject_class_gettree",[],{"page":"1","start":"0","limit":"25"}] []
[2025-12-16T04:59:04.150462+00:00] admin_statistics.INFO: Pimcore\Bundle\AdminBundle\Controller\Admin\DataObject\ClassController::getTreeAction [2,"pimcore_admin_dataobject_class_gettree",[],{"createAllowed":"true","page":"1","start":"0","limit":"25"}] []
[2025-12-16T04:59:49.191531+00:00] admin_statistics.INFO: Pimcore\Bundle\AdminBundle\Controller\Admin\NotificationController::findLastUnreadAction [2,"pimcore_admin_notification_findlastunread",[],{"lastUpdate":"1765861129"}] []
[2025-12-16T05:00:07.353520+00:00] admin_statistics.INFO: Pimcore\Bundle\AdminBundle\Controller\Admin\DataObject\ClassController::saveAction [2,"pimcore_admin_dataobject_class_save",[],{"configuration":"{\"children\":[{\"name\":\"Layout\",\"datatype\"...","values":"{\"dao\":null,\"id\":\"customer\",\"name\":\"Cust...","id":"customer"}] []
[2025-12-16T05:00:07.608568+00:00] admin_statistics.INFO: Pimcore\Bundle\AdminBundle\Controller\Admin\DataObject\ClassController::getTreeAction [2,"pimcore_admin_dataobject_class_gettree",[],{"grouped":"1","withId":"1","node":"0"}] []
[2025-12-16T05:00:07.628624+00:00] admin_statistics.INFO: Pimcore\Bundle\AdminBundle\Controller\Admin\DataObject\ClassController::getTreeAction [2,"pimcore_admin_dataobject_class_gettree",[],{"createAllowed":"true","page":"1","start":"0","limit":"25"}] []
[2025-12-16T05:00:07.649703+00:00] admin_statistics.INFO: Pimcore\Bundle\AdminBundle\Controller\Admin\DataObject\ClassController::getTreeAction [2,"pimcore_admin_dataobject_class_gettree",[],{"page":"1","start":"0","limit":"25"}] []
[2025-12-16T05:00:19.158414+00:00] admin_statistics.INFO: Pimcore\Bundle\AdminBundle\Controller\Admin\NotificationController::findLastUnreadAction [2,"pimcore_admin_notification_findlastunread",[],{"lastUpdate":"1765861189"}] []
[2025-12-16T05:00:39.515517+00:00] admin_statistics.INFO: Pimcore\Bundle\AdminBundle\Controller\Admin\PortalController::getConfigurationAction [2,"pimcore_admin_portal_getconfiguration",[],{"key":"welcome"}] []
[2025-12-16T05:00:39.729915+00:00] admin_statistics.INFO: Pimcore\Bundle\AdminBundle\Controller\Admin\PortalController::portletModificationStatisticsAction [2,"pimcore_admin_portal_portletmodificationstatistics",[],{"page":"1","start":"0","limit":"25"}] []
[2025-12-16T05:00:39.770358+00:00] admin_statistics.INFO: Pimcore\Bundle\AdminBundle\Controller\Admin\PortalController::portletModifiedAssetsAction [2,"pimcore_admin_portal_portletmodifiedassets",[],{"page":"1","start":"0","limit":"25"}] []
[2025-12-16T05:00:39.797926+00:00] admin_statistics.INFO: Pimcore\Bundle\AdminBundle\Controller\Admin\PortalController::portletModifiedObjectsAction [2,"pimcore_admin_portal_portletmodifiedobjects",[],{"page":"1","start":"0","limit":"25"}] []
[2025-12-16T05:00:39.809376+00:00] admin_statistics.INFO: Pimcore\Bundle\AdminBundle\Controller\Admin\PortalController::portletModifiedDocumentsAction [2,"pimcore_admin_portal_portletmodifieddocuments",[],{"page":"1","start":"0","limit":"25"}] []
[2025-12-16T05:00:49.168036+00:00] admin_statistics.INFO: Pimcore\Bundle\AdminBundle\Controller\Admin\NotificationController::findLastUnreadAction [2,"pimcore_admin_notification_findlastunread",[],{"lastUpdate":"1765861219"}] []
[2025-12-16T05:00:53.550458+00:00] admin_statistics.INFO: Pimcore\Bundle\AdminBundle\Controller\Admin\MiscController::getValidFilenameAction [2,"pimcore_admin_misc_getvalidfilename",[],{"value":"Customers","type":"object"}] []
[2025-12-16T05:00:53.594568+00:00] admin_statistics.INFO: Pimcore\Bundle\AdminBundle\Controller\Admin\DataObject\DataObjectController::addFolderAction [2,"pimcore_admin_dataobject_dataobject_addfolder",[],{"elementType":"object","parentId":"1","key":"Customers"}] []
[2025-12-16T05:00:53.774656+00:00] admin_statistics.INFO: Pimcore\Bundle\AdminBundle\Controller\Admin\DataObject\DataObjectController::treeGetChildrenByIdAction [2,"pimcore_admin_dataobject_dataobject_treegetchildrenbyid",[],{"limit":"30","view":"","parentPath":"/","fromPaging":"0","start":"0","page":"1","node":"1"}] []
[2025-12-16T05:01:03.861911+00:00] admin_statistics.INFO: Pimcore\Bundle\AdminBundle\Controller\Admin\MiscController::getValidFilenameAction [2,"pimcore_admin_misc_getvalidfilename",[],{"value":"customer1","type":"object"}] []
[2025-12-16T05:01:03.924114+00:00] admin_statistics.INFO: Pimcore\Bundle\AdminBundle\Controller\Admin\DataObject\DataObjectController::addAction [2,"pimcore_admin_dataobject_dataobject_add",[],{"elementType":"object","parentId":"2","className":"Customer","classId":"customer","key":"customer1"}] []
[2025-12-16T05:01:04.052315+00:00] admin_statistics.INFO: Pimcore\Bundle\AdminBundle\Controller\Admin\DataObject\DataObjectController::getAction [2,"pimcore_admin_dataobject_dataobject_get",[],{"id":"3"}] []
[2025-12-16T05:01:04.084539+00:00] admin_statistics.INFO: Pimcore\Bundle\AdminBundle\Controller\Admin\DataObject\DataObjectController::treeGetChildrenByIdAction [2,"pimcore_admin_dataobject_dataobject_treegetchildrenbyid",[],{"limit":"30","view":"","parentPath":"/Customers","fromPaging":"0","start":"0","page":"1","node":"2"}] []
[2025-12-16T05:01:18.983231+00:00] admin_statistics.INFO: Pimcore\Bundle\AdminBundle\Controller\Admin\NotificationController::findLastUnreadAction [2,"pimcore_admin_notification_findlastunread",[],{"lastUpdate":"1765861249"}] []
[2025-12-16T05:01:18.989953+00:00] admin_statistics.INFO: Pimcore\Bundle\AdminBundle\Controller\Admin\TranslationController::addAdminTranslationKeysAction [2,"pimcore_admin_translation_addadmintranslationkeys",[],{"keys":"[\"object_add_dialog_custom_text.Customer..."}] []
[2025-12-16T05:01:25.126873+00:00] admin_statistics.INFO: Pimcore\Bundle\AdminBundle\Controller\Admin\DataObject\ClassController::saveAction [2,"pimcore_admin_dataobject_class_save",[],{"configuration":"{\"children\":[{\"name\":\"Layout\",\"datatype\"...","values":"{\"dao\":null,\"id\":\"customer\",\"name\":\"Cust...","id":"customer"}] []
[2025-12-16T05:01:25.428926+00:00] admin_statistics.INFO: Pimcore\Bundle\AdminBundle\Controller\Admin\DataObject\ClassController::getTreeAction [2,"pimcore_admin_dataobject_class_gettree",[],{"grouped":"1","withId":"1","node":"0"}] []
[2025-12-16T05:01:25.456447+00:00] admin_statistics.INFO: Pimcore\Bundle\AdminBundle\Controller\Admin\DataObject\ClassController::getTreeAction [2,"pimcore_admin_dataobject_class_gettree",[],{"page":"1","start":"0","limit":"25"}] []
[2025-12-16T05:01:25.480805+00:00] admin_statistics.INFO: Pimcore\Bundle\AdminBundle\Controller\Admin\DataObject\ClassController::getTreeAction [2,"pimcore_admin_dataobject_class_gettree",[],{"createAllowed":"true","page":"1","start":"0","limit":"25"}] []
[2025-12-16T05:01:35.444146+00:00] admin_statistics.INFO: Pimcore\Bundle\AdminBundle\Controller\Admin\DataObject\ClassController::saveAction [2,"pimcore_admin_dataobject_class_save",[],{"configuration":"{\"children\":[{\"name\":\"Layout\",\"datatype\"...","values":"{\"dao\":null,\"id\":\"customer\",\"name\":\"Cust...","id":"customer"}] []
[2025-12-16T05:01:35.618835+00:00] admin_statistics.INFO: Pimcore\Bundle\AdminBundle\Controller\Admin\DataObject\ClassController::getTreeAction [2,"pimcore_admin_dataobject_class_gettree",[],{"grouped":"1","withId":"1","node":"0"}] []
[2025-12-16T05:01:35.643790+00:00] admin_statistics.INFO: Pimcore\Bundle\AdminBundle\Controller\Admin\DataObject\ClassController::getTreeAction [2,"pimcore_admin_dataobject_class_gettree",[],{"createAllowed":"true","page":"1","start":"0","limit":"25"}] []
[2025-12-16T05:01:35.666994+00:00] admin_statistics.INFO: Pimcore\Bundle\AdminBundle\Controller\Admin\DataObject\ClassController::getTreeAction [2,"pimcore_admin_dataobject_class_gettree",[],{"page":"1","start":"0","limit":"25"}] []
[2025-12-16T05:01:39.050483+00:00] admin_statistics.INFO: Pimcore\Bundle\AdminBundle\Controller\Admin\ElementController::unlockElementAction [2,"pimcore_admin_element_unlockelement",[],{"id":"3","type":"object"}] []
[2025-12-16T05:01:39.585904+00:00] admin_statistics.INFO: Pimcore\Bundle\AdminBundle\Controller\Admin\DataObject\DataObjectController::getAction [2,"pimcore_admin_dataobject_dataobject_get",[],{"id":"3","layoutId":"0"}] []
[2025-12-16T05:01:41.894093+00:00] admin_statistics.INFO: Pimcore\Bundle\AdminBundle\Controller\Admin\ElementController::isLockedAction [2,"pimcore_admin_element_islocked",[],{"id":"3","type":"object"}] []
[2025-12-16T05:01:41.931322+00:00] admin_statistics.INFO: Pimcore\Bundle\AdminBundle\Controller\Admin\ElementController::lockElementAction [2,"pimcore_admin_element_lockelement",[],{"id":"3","type":"object"}] []
[2025-12-16T05:01:41.946406+00:00] admin_statistics.INFO: Pimcore\Bundle\AdminBundle\Controller\Admin\DataObject\DataObjectController::saveAction [2,"pimcore_admin_dataobject_dataobject_save",[],{"task":"autoSave","id":"3","data":"{\"segments\":[\"bsefhbhvj\"]}","general":"{\"id\":3,\"creationDate\":1765861263,\"userO..."}] []
[2025-12-16T05:01:49.290310+00:00] admin_statistics.INFO: Pimcore\Bundle\AdminBundle\Controller\Admin\TranslationController::addAdminTranslationKeysAction [2,"pimcore_admin_translation_addadmintranslationkeys",[],{"keys":"[\"bsefhbhvj\"]"}] []
[2025-12-16T05:01:49.402097+00:00] admin_statistics.INFO: Pimcore\Bundle\AdminBundle\Controller\Admin\NotificationController::findLastUnreadAction [2,"pimcore_admin_notification_findlastunread",[],{"lastUpdate":"1765861279"}] []
[2025-12-16T05:01:49.673337+00:00] admin_statistics.INFO: Pimcore\Bundle\AdminBundle\Controller\Admin\DataObject\ClassController::saveAction [2,"pimcore_admin_dataobject_class_save",[],{"configuration":"{\"children\":[{\"name\":\"Layout\",\"datatype\"...","values":"{\"dao\":null,\"id\":\"customer\",\"name\":\"Cust...","id":"customer"}] []
[2025-12-16T05:01:49.861442+00:00] admin_statistics.INFO: Pimcore\Bundle\AdminBundle\Controller\Admin\DataObject\ClassController::getTreeAction [2,"pimcore_admin_dataobject_class_gettree",[],{"grouped":"1","withId":"1","node":"0"}] []
[2025-12-16T05:01:49.884370+00:00] admin_statistics.INFO: Pimcore\Bundle\AdminBundle\Controller\Admin\DataObject\ClassController::getTreeAction [2,"pimcore_admin_dataobject_class_gettree",[],{"createAllowed":"true","page":"1","start":"0","limit":"25"}] []
[2025-12-16T05:01:49.909911+00:00] admin_statistics.INFO: Pimcore\Bundle\AdminBundle\Controller\Admin\DataObject\ClassController::getTreeAction [2,"pimcore_admin_dataobject_class_gettree",[],{"page":"1","start":"0","limit":"25"}] []
[2025-12-16T05:01:54.227281+00:00] admin_statistics.INFO: Pimcore\Bundle\AdminBundle\Controller\Admin\DataObject\DataObjectController::saveAction [2,"pimcore_admin_dataobject_dataobject_save",[],{"task":"autoSave","id":"3","data":"{\"segments\":[]}","general":"{\"id\":3,\"creationDate\":1765861263,\"userO..."}] []
[2025-12-16T05:01:55.384864+00:00] admin_statistics.INFO: Pimcore\Bundle\AdminBundle\Controller\Admin\ElementController::unlockElementAction [2,"pimcore_admin_element_unlockelement",[],{"id":"3","type":"object"}] []
[2025-12-16T05:01:55.920123+00:00] admin_statistics.INFO: Pimcore\Bundle\AdminBundle\Controller\Admin\DataObject\DataObjectController::getAction [2,"pimcore_admin_dataobject_dataobject_get",[],{"id":"3","layoutId":"0"}] []
[2025-12-16T05:01:59.251790+00:00] admin_statistics.INFO: Pimcore\Bundle\AdminBundle\Controller\Admin\ElementController::isLockedAction [2,"pimcore_admin_element_islocked",[],{"id":"3","type":"object"}] []
[2025-12-16T05:01:59.288389+00:00] admin_statistics.INFO: Pimcore\Bundle\AdminBundle\Controller\Admin\ElementController::lockElementAction [2,"pimcore_admin_element_lockelement",[],{"id":"3","type":"object"}] []
[2025-12-16T05:01:59.298638+00:00] admin_statistics.INFO: Pimcore\Bundle\AdminBundle\Controller\Admin\DataObject\DataObjectController::saveAction [2,"pimcore_admin_dataobject_dataobject_save",[],{"task":"autoSave","id":"3","data":"{\"segments\":[\"bsefhbhvj\"]}","general":"{\"id\":3,\"creationDate\":1765861263,\"userO..."}] []
[2025-12-16T05:02:18.920190+00:00] admin_statistics.INFO: Pimcore\Bundle\AdminBundle\Controller\Admin\NotificationController::findLastUnreadAction [2,"pimcore_admin_notification_findlastunread",[],{"lastUpdate":"1765861309"}] []
[2025-12-16T05:02:48.935774+00:00] admin_statistics.INFO: Pimcore\Bundle\AdminBundle\Controller\Admin\NotificationController::findLastUnreadAction [2,"pimcore_admin_notification_findlastunread",[],{"lastUpdate":"1765861339"}] []
[2025-12-16T05:03:07.241500+00:00] admin_statistics.INFO: Pimcore\Bundle\AdminBundle\Controller\Admin\DataObject\ClassController::saveAction [2,"pimcore_admin_dataobject_class_save",[],{"configuration":"{\"children\":[{\"name\":\"Layout\",\"datatype\"...","values":"{\"dao\":null,\"id\":\"customer\",\"name\":\"Cust...","id":"customer"}] []
[2025-12-16T05:03:07.448755+00:00] admin_statistics.INFO: Pimcore\Bundle\AdminBundle\Controller\Admin\DataObject\ClassController::getTreeAction [2,"pimcore_admin_dataobject_class_gettree",[],{"page":"1","start":"0","limit":"25"}] []
[2025-12-16T05:03:07.472979+00:00] admin_statistics.INFO: Pimcore\Bundle\AdminBundle\Controller\Admin\DataObject\ClassController::getTreeAction [2,"pimcore_admin_dataobject_class_gettree",[],{"grouped":"1","withId":"1","node":"0"}] []
[2025-12-16T05:03:07.503300+00:00] admin_statistics.INFO: Pimcore\Bundle\AdminBundle\Controller\Admin\DataObject\ClassController::getTreeAction [2,"pimcore_admin_dataobject_class_gettree",[],{"createAllowed":"true","page":"1","start":"0","limit":"25"}] []
[2025-12-16T05:03:09.499670+00:00] admin_statistics.INFO: Pimcore\Bundle\AdminBundle\Controller\Admin\ElementController::unlockElementAction [2,"pimcore_admin_element_unlockelement",[],{"id":"3","type":"object"}] []
[2025-12-16T05:03:10.030332+00:00] admin_statistics.INFO: Pimcore\Bundle\AdminBundle\Controller\Admin\DataObject\DataObjectController::getAction [2,"pimcore_admin_dataobject_dataobject_get",[],{"id":"3","layoutId":"0"}] []
[2025-12-16T05:03:18.837510+00:00] admin_statistics.INFO: Pimcore\Bundle\AdminBundle\Controller\Admin\NotificationController::findLastUnreadAction [2,"pimcore_admin_notification_findlastunread",[],{"lastUpdate":"1765861369"}] []
[2025-12-16T05:03:18.848666+00:00] admin_statistics.INFO: Pimcore\Bundle\AdminBundle\Controller\Admin\TranslationController::addAdminTranslationKeysAction [2,"pimcore_admin_translation_addadmintranslationkeys",[],{"keys":"[\"High-Value Customers\",\"Frequent Buyers..."}] []
[2025-12-16T05:03:32.031185+00:00] admin_statistics.INFO: Pimcore\Bundle\AdminBundle\Controller\Admin\DataObject\ClassController::saveAction [2,"pimcore_admin_dataobject_class_save",[],{"configuration":"{\"children\":[{\"name\":\"Layout\",\"datatype\"...","values":"{\"dao\":null,\"id\":\"customer\",\"name\":\"Cust...","id":"customer"}] []
[2025-12-16T05:03:32.198628+00:00] admin_statistics.INFO: Pimcore\Bundle\AdminBundle\Controller\Admin\DataObject\ClassController::getTreeAction [2,"pimcore_admin_dataobject_class_gettree",[],{"grouped":"1","withId":"1","node":"0"}] []
[2025-12-16T05:03:32.216705+00:00] admin_statistics.INFO: Pimcore\Bundle\AdminBundle\Controller\Admin\DataObject\ClassController::getTreeAction [2,"pimcore_admin_dataobject_class_gettree",[],{"page":"1","start":"0","limit":"25"}] []
[2025-12-16T05:03:32.237882+00:00] admin_statistics.INFO: Pimcore\Bundle\AdminBundle\Controller\Admin\DataObject\ClassController::getTreeAction [2,"pimcore_admin_dataobject_class_gettree",[],{"createAllowed":"true","page":"1","start":"0","limit":"25"}] []
[2025-12-16T05:03:36.090017+00:00] admin_statistics.INFO: Pimcore\Bundle\AdminBundle\Controller\Admin\ElementController::unlockElementAction [2,"pimcore_admin_element_unlockelement",[],{"id":"3","type":"object"}] []
[2025-12-16T05:03:36.634750+00:00] admin_statistics.INFO: Pimcore\Bundle\AdminBundle\Controller\Admin\DataObject\DataObjectController::getAction [2,"pimcore_admin_dataobject_dataobject_get",[],{"id":"3","layoutId":"0"}] []
[2025-12-16T05:03:48.795435+00:00] admin_statistics.INFO: Pimcore\Bundle\AdminBundle\Controller\Admin\NotificationController::findLastUnreadAction [2,"pimcore_admin_notification_findlastunread",[],{"lastUpdate":"1765861399"}] []
[2025-12-16T05:03:48.804069+00:00] admin_statistics.INFO: Pimcore\Bundle\AdminBundle\Controller\Admin\TranslationController::addAdminTranslationKeysAction [2,"pimcore_admin_translation_addadmintranslationkeys",[],{"keys":"[\"Engagement Source\"]"}] []
[2025-12-16T05:04:19.074511+00:00] admin_statistics.INFO: Pimcore\Bundle\AdminBundle\Controller\Admin\NotificationController::findLastUnreadAction [2,"pimcore_admin_notification_findlastunread",[],{"lastUpdate":"1765861429"}] []
[2025-12-16T05:04:49.001067+00:00] admin_statistics.INFO: Pimcore\Bundle\AdminBundle\Controller\Admin\NotificationController::findLastUnreadAction [2,"pimcore_admin_notification_findlastunread",[],{"lastUpdate":"1765861459"}] []
[2025-12-16T05:05:09.970547+00:00] admin_statistics.INFO: Pimcore\Bundle\AdminBundle\Controller\Admin\DataObject\ClassController::saveAction [2,"pimcore_admin_dataobject_class_save",[],{"configuration":"{\"children\":[{\"name\":\"Layout\",\"datatype\"...","values":"{\"dao\":null,\"id\":\"dealer\",\"name\":\"Dealer...","id":"dealer"}] []
[2025-12-16T05:05:10.215260+00:00] admin_statistics.INFO: Pimcore\Bundle\AdminBundle\Controller\Admin\DataObject\ClassController::getTreeAction [2,"pimcore_admin_dataobject_class_gettree",[],{"grouped":"1","withId":"1","node":"0"}] []
[2025-12-16T05:05:10.236235+00:00] admin_statistics.INFO: Pimcore\Bundle\AdminBundle\Controller\Admin\DataObject\ClassController::getTreeAction [2,"pimcore_admin_dataobject_class_gettree",[],{"page":"1","start":"0","limit":"25"}] []
[2025-12-16T05:05:10.261263+00:00] admin_statistics.INFO: Pimcore\Bundle\AdminBundle\Controller\Admin\DataObject\ClassController::getTreeAction [2,"pimcore_admin_dataobject_class_gettree",[],{"createAllowed":"true","page":"1","start":"0","limit":"25"}] []
[2025-12-16T05:05:18.954119+00:00] admin_statistics.INFO: Pimcore\Bundle\AdminBundle\Controller\Admin\NotificationController::findLastUnreadAction [2,"pimcore_admin_notification_findlastunread",[],{"lastUpdate":"1765861489"}] []
[2025-12-16T05:05:48.920361+00:00] admin_statistics.INFO: Pimcore\Bundle\AdminBundle\Controller\Admin\NotificationController::findLastUnreadAction [2,"pimcore_admin_notification_findlastunread",[],{"lastUpdate":"1765861519"}] []
[2025-12-16T05:05:52.455822+00:00] admin_statistics.INFO: Pimcore\Bundle\AdminBundle\Controller\Admin\DataObject\ClassController::saveAction [2,"pimcore_admin_dataobject_class_save",[],{"configuration":"{\"children\":[{\"name\":\"Layout\",\"datatype\"...","values":"{\"dao\":null,\"id\":\"dealer\",\"name\":\"Dealer...","id":"dealer"}] []
[2025-12-16T05:05:52.921690+00:00] admin_statistics.INFO: Pimcore\Bundle\AdminBundle\Controller\Admin\DataObject\ClassController::getTreeAction [2,"pimcore_admin_dataobject_class_gettree",[],{"grouped":"1","withId":"1","node":"0"}] []
[2025-12-16T05:05:52.942900+00:00] admin_statistics.INFO: Pimcore\Bundle\AdminBundle\Controller\Admin\DataObject\ClassController::getTreeAction [2,"pimcore_admin_dataobject_class_gettree",[],{"page":"1","start":"0","limit":"25"}] []
[2025-12-16T05:05:52.969726+00:00] admin_statistics.INFO: Pimcore\Bundle\AdminBundle\Controller\Admin\DataObject\ClassController::getTreeAction [2,"pimcore_admin_dataobject_class_gettree",[],{"createAllowed":"true","page":"1","start":"0","limit":"25"}] []
[2025-12-16T05:06:01.087006+00:00] admin_statistics.INFO: Pimcore\Bundle\AdminBundle\Controller\Admin\MiscController::getValidFilenameAction [2,"pimcore_admin_misc_getvalidfilename",[],{"value":"Dealer","type":"object"}] []
[2025-12-16T05:06:01.132346+00:00] admin_statistics.INFO: Pimcore\Bundle\AdminBundle\Controller\Admin\DataObject\DataObjectController::addFolderAction [2,"pimcore_admin_dataobject_dataobject_addfolder",[],{"elementType":"object","parentId":"1","key":"Dealer"}] []
[2025-12-16T05:06:01.232107+00:00] admin_statistics.INFO: Pimcore\Bundle\AdminBundle\Controller\Admin\DataObject\DataObjectController::treeGetChildrenByIdAction [2,"pimcore_admin_dataobject_dataobject_treegetchildrenbyid",[],{"limit":"30","view":"","parentPath":"/","fromPaging":"0","start":"0","page":"1","node":"1"}] []
[2025-12-16T05:06:08.399167+00:00] admin_statistics.INFO: Pimcore\Bundle\AdminBundle\Controller\Admin\MiscController::getValidFilenameAction [2,"pimcore_admin_misc_getvalidfilename",[],{"value":"Events","type":"object"}] []
[2025-12-16T05:06:08.441596+00:00] admin_statistics.INFO: Pimcore\Bundle\AdminBundle\Controller\Admin\DataObject\DataObjectController::addFolderAction [2,"pimcore_admin_dataobject_dataobject_addfolder",[],{"elementType":"object","parentId":"1","key":"Events"}] []
[2025-12-16T05:06:08.539513+00:00] admin_statistics.INFO: Pimcore\Bundle\AdminBundle\Controller\Admin\DataObject\DataObjectController::treeGetChildrenByIdAction [2,"pimcore_admin_dataobject_dataobject_treegetchildrenbyid",[],{"limit":"30","view":"","parentPath":"/","fromPaging":"0","start":"0","page":"1","node":"1"}] []
[2025-12-16T05:06:13.823881+00:00] admin_statistics.INFO: Pimcore\Bundle\AdminBundle\Controller\Admin\MiscController::getValidFilenameAction [2,"pimcore_admin_misc_getvalidfilename",[],{"value":"Dealers","type":"object"}] []
[2025-12-16T05:06:13.878618+00:00] admin_statistics.INFO: Pimcore\Bundle\AdminBundle\Controller\Admin\DataObject\DataObjectController::updateAction [2,"pimcore_admin_dataobject_dataobject_update",[],{"id":"4","values":"{\"key\":\"Dealers\"}"}] []
[2025-12-16T05:06:13.976502+00:00] admin_statistics.INFO: Pimcore\Bundle\AdminBundle\Controller\Admin\DataObject\DataObjectController::treeGetChildrenByIdAction [2,"pimcore_admin_dataobject_dataobject_treegetchildrenbyid",[],{"limit":"30","view":"","parentPath":"/Dealers","fromPaging":"0","start":"0","page":"1","node":"4"}] []
[2025-12-16T05:06:18.569442+00:00] admin_statistics.INFO: Pimcore\Bundle\AdminBundle\Controller\Admin\NotificationController::findLastUnreadAction [2,"pimcore_admin_notification_findlastunread",[],{"lastUpdate":"1765861549"}] []
[2025-12-16T05:06:28.629747+00:00] admin_statistics.INFO: Pimcore\Bundle\AdminBundle\Controller\Admin\MiscController::getValidFilenameAction [2,"pimcore_admin_misc_getvalidfilename",[],{"value":"Prospects","type":"object"}] []
[2025-12-16T05:06:28.681325+00:00] admin_statistics.INFO: Pimcore\Bundle\AdminBundle\Controller\Admin\DataObject\DataObjectController::addFolderAction [2,"pimcore_admin_dataobject_dataobject_addfolder",[],{"elementType":"object","parentId":"1","key":"Prospects"}] []
[2025-12-16T05:06:28.777147+00:00] admin_statistics.INFO: Pimcore\Bundle\AdminBundle\Controller\Admin\DataObject\DataObjectController::treeGetChildrenByIdAction [2,"pimcore_admin_dataobject_dataobject_treegetchildrenbyid",[],{"limit":"30","view":"","parentPath":"/","fromPaging":"0","start":"0","page":"1","node":"1"}] []
[2025-12-16T05:06:37.308153+00:00] admin_statistics.INFO: Pimcore\Bundle\AdminBundle\Controller\Admin\DataObject\DataObjectController::treeGetChildrenByIdAction [2,"pimcore_admin_dataobject_dataobject_treegetchildrenbyid",[],{"limit":"30","view":"","parentPath":"/Customers","fromPaging":"0","start":"0","page":"1","node":"2"}] []
[2025-12-16T05:06:41.632640+00:00] admin_statistics.INFO: Pimcore\Bundle\AdminBundle\Controller\Admin\DataObject\DataObjectController::deleteInfoAction [2,"pimcore_admin_dataobject_dataobject_deleteinfo",[],{"id":"3","type":"object"}] []
[2025-12-16T05:06:43.066829+00:00] admin_statistics.INFO: Pimcore\Bundle\AdminBundle\Controller\Admin\ElementController::unlockElementAction [2,"pimcore_admin_element_unlockelement",[],{"id":"3","type":"object"}] []
[2025-12-16T05:06:43.165178+00:00] admin_statistics.INFO: Pimcore\Bundle\AdminBundle\Controller\Admin\RecyclebinController::addAction [2,"pimcore_admin_recyclebin_add",[],{"type":"object","id":"3"}] []
[2025-12-16T05:06:43.314488+00:00] admin_statistics.INFO: Pimcore\Bundle\AdminBundle\Controller\Admin\DataObject\DataObjectController::deleteAction [2,"pimcore_admin_dataobject_dataobject_delete",[],{"id":"3"}] []
[2025-12-16T05:06:43.442226+00:00] admin_statistics.INFO: Pimcore\Bundle\AdminBundle\Controller\Admin\DataObject\DataObjectController::treeGetChildrenByIdAction [2,"pimcore_admin_dataobject_dataobject_treegetchildrenbyid",[],{"limit":"30","view":"","parentPath":"/Customers","fromPaging":"0","start":"0","page":"1","node":"2"}] []
[2025-12-16T05:06:48.432068+00:00] admin_statistics.INFO: Pimcore\Bundle\AdminBundle\Controller\Admin\NotificationController::findLastUnreadAction [2,"pimcore_admin_notification_findlastunread",[],{"lastUpdate":"1765861579"}] []
[2025-12-16T05:07:18.770965+00:00] admin_statistics.INFO: Pimcore\Bundle\AdminBundle\Controller\Admin\NotificationController::findLastUnreadAction [2,"pimcore_admin_notification_findlastunread",[],{"lastUpdate":"1765861609"}] []
[2025-12-16T05:07:19.326634+00:00] admin_statistics.INFO: Pimcore\Bundle\AdminBundle\Controller\Admin\DataObject\ClassController::saveAction [2,"pimcore_admin_dataobject_class_save",[],{"configuration":"{\"children\":[{\"name\":\"Layout\",\"datatype\"...","values":"{\"dao\":null,\"id\":\"dealer\",\"name\":\"Dealer...","id":"dealer"}] []
[2025-12-16T05:07:19.598038+00:00] admin_statistics.INFO: Pimcore\Bundle\AdminBundle\Controller\Admin\DataObject\ClassController::getTreeAction [2,"pimcore_admin_dataobject_class_gettree",[],{"grouped":"1","withId":"1","node":"0"}] []
[2025-12-16T05:07:19.618504+00:00] admin_statistics.INFO: Pimcore\Bundle\AdminBundle\Controller\Admin\DataObject\ClassController::getTreeAction [2,"pimcore_admin_dataobject_class_gettree",[],{"page":"1","start":"0","limit":"25"}] []
[2025-12-16T05:07:19.645548+00:00] admin_statistics.INFO: Pimcore\Bundle\AdminBundle\Controller\Admin\DataObject\ClassController::getTreeAction [2,"pimcore_admin_dataobject_class_gettree",[],{"createAllowed":"true","page":"1","start":"0","limit":"25"}] []
[2025-12-16T05:07:48.739514+00:00] admin_statistics.INFO: Pimcore\Bundle\AdminBundle\Controller\Admin\NotificationController::findLastUnreadAction [2,"pimcore_admin_notification_findlastunread",[],{"lastUpdate":"1765861639"}] []
[2025-12-16T05:07:48.973724+00:00] admin_statistics.INFO: Pimcore\Bundle\AdminBundle\Controller\Admin\DataObject\ClassController::saveAction [2,"pimcore_admin_dataobject_class_save",[],{"configuration":"{\"children\":[{\"name\":\"Layout\",\"datatype\"...","values":"{\"dao\":null,\"id\":\"prospects\",\"name\":\"Pro...","id":"prospects"}] []
[2025-12-16T05:07:49.202977+00:00] admin_statistics.INFO: Pimcore\Bundle\AdminBundle\Controller\Admin\DataObject\ClassController::getTreeAction [2,"pimcore_admin_dataobject_class_gettree",[],{"grouped":"1","withId":"1","node":"0"}] []
[2025-12-16T05:07:49.223742+00:00] admin_statistics.INFO: Pimcore\Bundle\AdminBundle\Controller\Admin\DataObject\ClassController::getTreeAction [2,"pimcore_admin_dataobject_class_gettree",[],{"page":"1","start":"0","limit":"25"}] []
[2025-12-16T05:07:49.250813+00:00] admin_statistics.INFO: Pimcore\Bundle\AdminBundle\Controller\Admin\DataObject\ClassController::getTreeAction [2,"pimcore_admin_dataobject_class_gettree",[],{"createAllowed":"true","page":"1","start":"0","limit":"25"}] []
[2025-12-16T05:07:56.464996+00:00] admin_statistics.INFO: Pimcore\Bundle\AdminBundle\Controller\Admin\DataObject\ClassController::saveAction [2,"pimcore_admin_dataobject_class_save",[],{"configuration":"{\"children\":[{\"name\":\"Layout\",\"datatype\"...","values":"{\"dao\":null,\"id\":\"prospects\",\"name\":\"Pro...","id":"prospects"}] []
[2025-12-16T05:07:56.697905+00:00] admin_statistics.INFO: Pimcore\Bundle\AdminBundle\Controller\Admin\DataObject\ClassController::getTreeAction [2,"pimcore_admin_dataobject_class_gettree",[],{"page":"1","start":"0","limit":"25"}] []
[2025-12-16T05:07:56.720394+00:00] admin_statistics.INFO: Pimcore\Bundle\AdminBundle\Controller\Admin\DataObject\ClassController::getTreeAction [2,"pimcore_admin_dataobject_class_gettree",[],{"grouped":"1","withId":"1","node":"0"}] []
[2025-12-16T05:07:56.743053+00:00] admin_statistics.INFO: Pimcore\Bundle\AdminBundle\Controller\Admin\DataObject\ClassController::getTreeAction [2,"pimcore_admin_dataobject_class_gettree",[],{"createAllowed":"true","page":"1","start":"0","limit":"25"}] []
[2025-12-16T05:08:04.987514+00:00] admin_statistics.INFO: Pimcore\Bundle\AdminBundle\Controller\Admin\DataObject\ClassController::saveAction [2,"pimcore_admin_dataobject_class_save",[],{"configuration":"{\"children\":[{\"name\":\"Layout\",\"datatype\"...","values":"{\"dao\":null,\"id\":\"prospects\",\"name\":\"Pro...","id":"prospects"}] []
[2025-12-16T05:08:05.238829+00:00] admin_statistics.INFO: Pimcore\Bundle\AdminBundle\Controller\Admin\DataObject\ClassController::getTreeAction [2,"pimcore_admin_dataobject_class_gettree",[],{"page":"1","start":"0","limit":"25"}] []
[2025-12-16T05:08:05.260178+00:00] admin_statistics.INFO: Pimcore\Bundle\AdminBundle\Controller\Admin\DataObject\ClassController::getTreeAction [2,"pimcore_admin_dataobject_class_gettree",[],{"createAllowed":"true","page":"1","start":"0","limit":"25"}] []
[2025-12-16T05:08:05.285831+00:00] admin_statistics.INFO: Pimcore\Bundle\AdminBundle\Controller\Admin\DataObject\ClassController::getTreeAction [2,"pimcore_admin_dataobject_class_gettree",[],{"grouped":"1","withId":"1","node":"0"}] []
[2025-12-16T05:08:18.386591+00:00] admin_statistics.INFO: Pimcore\Bundle\AdminBundle\Controller\Admin\NotificationController::findLastUnreadAction [2,"pimcore_admin_notification_findlastunread",[],{"lastUpdate":"1765861669"}] []
[2025-12-16T05:08:40.763125+00:00] admin_statistics.INFO: Pimcore\Bundle\AdminBundle\Controller\Admin\DataObject\ClassController::saveAction [2,"pimcore_admin_dataobject_class_save",[],{"configuration":"{\"children\":[{\"name\":\"Layout\",\"datatype\"...","values":"{\"dao\":null,\"id\":\"prospects\",\"name\":\"Pro...","id":"prospects"}] []
[2025-12-16T05:08:41.069905+00:00] admin_statistics.INFO: Pimcore\Bundle\AdminBundle\Controller\Admin\DataObject\ClassController::getTreeAction [2,"pimcore_admin_dataobject_class_gettree",[],{"page":"1","start":"0","limit":"25"}] []
[2025-12-16T05:08:41.089691+00:00] admin_statistics.INFO: Pimcore\Bundle\AdminBundle\Controller\Admin\DataObject\ClassController::getTreeAction [2,"pimcore_admin_dataobject_class_gettree",[],{"createAllowed":"true","page":"1","start":"0","limit":"25"}] []
[2025-12-16T05:08:41.112244+00:00] admin_statistics.INFO: Pimcore\Bundle\AdminBundle\Controller\Admin\DataObject\ClassController::getTreeAction [2,"pimcore_admin_dataobject_class_gettree",[],{"grouped":"1","withId":"1","node":"0"}] []
[2025-12-16T05:09:18.159582+00:00] admin_statistics.INFO: Pimcore\Bundle\AdminBundle\Controller\Admin\DataObject\ClassController::saveAction [2,"pimcore_admin_dataobject_class_save",[],{"configuration":"{\"children\":[{\"name\":\"Layout\",\"datatype\"...","values":"{\"dao\":null,\"id\":\"prospects\",\"name\":\"Pro...","id":"prospects"}] []
[2025-12-16T05:09:18.411744+00:00] admin_statistics.INFO: Pimcore\Bundle\AdminBundle\Controller\Admin\DataObject\ClassController::getTreeAction [2,"pimcore_admin_dataobject_class_gettree",[],{"page":"1","start":"0","limit":"25"}] []
[2025-12-16T05:09:18.432183+00:00] admin_statistics.INFO: Pimcore\Bundle\AdminBundle\Controller\Admin\DataObject\ClassController::getTreeAction [2,"pimcore_admin_dataobject_class_gettree",[],{"grouped":"1","withId":"1","node":"0"}] []
[2025-12-16T05:09:18.456812+00:00] admin_statistics.INFO: Pimcore\Bundle\AdminBundle\Controller\Admin\DataObject\ClassController::getTreeAction [2,"pimcore_admin_dataobject_class_gettree",[],{"createAllowed":"true","page":"1","start":"0","limit":"25"}] []
[2025-12-16T05:09:19.849650+00:00] admin_statistics.INFO: Pimcore\Bundle\AdminBundle\Controller\Admin\NotificationController::findLastUnreadAction [2,"pimcore_admin_notification_findlastunread",[],{"lastUpdate":"1765861699"}] []
[2025-12-16T05:09:39.630474+00:00] admin_statistics.INFO: Pimcore\Bundle\AdminBundle\Controller\Admin\DataObject\ClassController::saveAction [2,"pimcore_admin_dataobject_class_save",[],{"configuration":"{\"children\":[{\"name\":\"Layout\",\"datatype\"...","values":"{\"dao\":null,\"id\":\"prospects\",\"name\":\"Pro...","id":"prospects"}] []
[2025-12-16T05:09:39.760497+00:00] admin_statistics.INFO: Pimcore\Bundle\AdminBundle\Controller\Admin\DataObject\ClassController::getTreeAction [2,"pimcore_admin_dataobject_class_gettree",[],{"page":"1","start":"0","limit":"25"}] []
[2025-12-16T05:09:39.779614+00:00] admin_statistics.INFO: Pimcore\Bundle\AdminBundle\Controller\Admin\DataObject\ClassController::getTreeAction [2,"pimcore_admin_dataobject_class_gettree",[],{"grouped":"1","withId":"1","node":"0"}] []
[2025-12-16T05:09:39.802652+00:00] admin_statistics.INFO: Pimcore\Bundle\AdminBundle\Controller\Admin\DataObject\ClassController::getTreeAction [2,"pimcore_admin_dataobject_class_gettree",[],{"createAllowed":"true","page":"1","start":"0","limit":"25"}] []
[2025-12-16T05:10:19.848412+00:00] admin_statistics.INFO: Pimcore\Bundle\AdminBundle\Controller\Admin\NotificationController::findLastUnreadAction [2,"pimcore_admin_notification_findlastunread",[],{"lastUpdate":"1765861759"}] []
[2025-12-16T05:10:49.850320+00:00] admin_statistics.INFO: Pimcore\Bundle\AdminBundle\Controller\Admin\NotificationController::findLastUnreadAction [2,"pimcore_admin_notification_findlastunread",[],{"lastUpdate":"1765861819"}] []
[2025-12-16T05:10:59.342763+00:00] admin_statistics.INFO: Pimcore\Bundle\AdminBundle\Controller\Admin\DataObject\ClassController::getBrickUsagesAction [2,"pimcore_admin_dataobject_class_getbrickusages",[],{"classId":"event","page":"1","start":"0","limit":"25"}] []
[2025-12-16T05:11:07.716938+00:00] admin_statistics.INFO: Pimcore\Bundle\AdminBundle\Controller\Admin\DataObject\ClassController::saveAction [2,"pimcore_admin_dataobject_class_save",[],{"configuration":"{\"children\":[{\"name\":\"Layout\",\"datatype\"...","values":"{\"dao\":null,\"id\":\"event\",\"name\":\"Event\",...","id":"event"}] []
[2025-12-16T05:11:08.059426+00:00] admin_statistics.INFO: Pimcore\Bundle\AdminBundle\Controller\Admin\DataObject\ClassController::getTreeAction [2,"pimcore_admin_dataobject_class_gettree",[],{"grouped":"1","withId":"1","node":"0"}] []
[2025-12-16T05:11:08.081747+00:00] admin_statistics.INFO: Pimcore\Bundle\AdminBundle\Controller\Admin\DataObject\ClassController::getTreeAction [2,"pimcore_admin_dataobject_class_gettree",[],{"page":"1","start":"0","limit":"25"}] []
[2025-12-16T05:11:08.103217+00:00] admin_statistics.INFO: Pimcore\Bundle\AdminBundle\Controller\Admin\DataObject\ClassController::getTreeAction [2,"pimcore_admin_dataobject_class_gettree",[],{"createAllowed":"true","page":"1","start":"0","limit":"25"}] []
[2025-12-16T05:11:19.694784+00:00] admin_statistics.INFO: Pimcore\Bundle\AdminBundle\Controller\Admin\NotificationController::findLastUnreadAction [2,"pimcore_admin_notification_findlastunread",[],{"lastUpdate":"1765861849"}] []
[2025-12-16T05:11:49.648238+00:00] admin_statistics.INFO: Pimcore\Bundle\AdminBundle\Controller\Admin\NotificationController::findLastUnreadAction [2,"pimcore_admin_notification_findlastunread",[],{"lastUpdate":"1765861879"}] []
[2025-12-16T05:11:49.656357+00:00] admin_statistics.INFO: Pimcore\Bundle\AdminBundle\Controller\Admin\MiscController::pingAction [2,"pimcore_admin_misc_ping",[],[]] []
[2025-12-16T05:12:12.541759+00:00] admin_statistics.INFO: Pimcore\Bundle\AdminBundle\Controller\Admin\DataObject\ClassController::getAssetTypesAction [2,"pimcore_admin_dataobject_class_getassettypes",[],{"page":"1","start":"0","limit":"25"}] []
[2025-12-16T05:12:12.547899+00:00] admin_statistics.INFO: Pimcore\Bundle\AdminBundle\Controller\Admin\DataObject\ClassController::getTreeAction [2,"pimcore_admin_dataobject_class_gettree",[],{"page":"1","start":"0","limit":"25"}] []
[2025-12-16T05:12:12.571621+00:00] admin_statistics.INFO: Pimcore\Bundle\AdminBundle\Controller\Admin\DataObject\ClassController::getDocumentTypesAction [2,"pimcore_admin_dataobject_class_getdocumenttypes",[],{"page":"1","start":"0","limit":"25"}] []
[2025-12-16T05:12:19.610016+00:00] admin_statistics.INFO: Pimcore\Bundle\AdminBundle\Controller\Admin\NotificationController::findLastUnreadAction [2,"pimcore_admin_notification_findlastunread",[],{"lastUpdate":"1765861909"}] []
[2025-12-16T05:12:44.492935+00:00] admin_statistics.INFO: Pimcore\Bundle\AdminBundle\Controller\Admin\DataObject\ClassController::getDocumentTypesAction [2,"pimcore_admin_dataobject_class_getdocumenttypes",[],{"page":"1","start":"0","limit":"25"}] []
[2025-12-16T05:12:44.498337+00:00] admin_statistics.INFO: Pimcore\Bundle\AdminBundle\Controller\Admin\DataObject\ClassController::getTreeAction [2,"pimcore_admin_dataobject_class_gettree",[],{"page":"1","start":"0","limit":"25"}] []
[2025-12-16T05:12:44.523102+00:00] admin_statistics.INFO: Pimcore\Bundle\AdminBundle\Controller\Admin\DataObject\ClassController::getAssetTypesAction [2,"pimcore_admin_dataobject_class_getassettypes",[],{"page":"1","start":"0","limit":"25"}] []
[2025-12-16T05:12:49.534272+00:00] admin_statistics.INFO: Pimcore\Bundle\AdminBundle\Controller\Admin\NotificationController::findLastUnreadAction [2,"pimcore_admin_notification_findlastunread",[],{"lastUpdate":"1765861939"}] []
[2025-12-16T05:12:49.543030+00:00] admin_statistics.INFO: Pimcore\Bundle\AdminBundle\Controller\Admin\DataObject\ClassController::saveAction [2,"pimcore_admin_dataobject_class_save",[],{"configuration":"{\"children\":[{\"name\":\"Layout\",\"datatype\"...","values":"{\"dao\":null,\"id\":\"event\",\"name\":\"Event\",...","id":"event"}] []
[2025-12-16T05:12:50.501566+00:00] admin_statistics.INFO: Pimcore\Bundle\AdminBundle\Controller\Admin\DataObject\ClassController::getTreeAction [2,"pimcore_admin_dataobject_class_gettree",[],{"grouped":"1","withId":"1","node":"0"}] []
[2025-12-16T05:12:50.521469+00:00] admin_statistics.INFO: Pimcore\Bundle\AdminBundle\Controller\Admin\DataObject\ClassController::getTreeAction [2,"pimcore_admin_dataobject_class_gettree",[],{"page":"1","start":"0","limit":"25"}] []
[2025-12-16T05:12:50.541760+00:00] admin_statistics.INFO: Pimcore\Bundle\AdminBundle\Controller\Admin\DataObject\ClassController::getTreeAction [2,"pimcore_admin_dataobject_class_gettree",[],{"createAllowed":"true","page":"1","start":"0","limit":"25"}] []
[2025-12-16T05:13:08.221699+00:00] admin_statistics.INFO: Pimcore\Bundle\AdminBundle\Controller\Admin\DataObject\ClassController::saveAction [2,"pimcore_admin_dataobject_class_save",[],{"configuration":"{\"children\":[{\"name\":\"Layout\",\"datatype\"...","values":"{\"dao\":null,\"id\":\"event\",\"name\":\"Event\",...","id":"event"}] []
[2025-12-16T05:13:08.396281+00:00] admin_statistics.INFO: Pimcore\Bundle\AdminBundle\Controller\Admin\DataObject\ClassController::getTreeAction [2,"pimcore_admin_dataobject_class_gettree",[],{"grouped":"1","withId":"1","node":"0"}] []
[2025-12-16T05:13:08.417886+00:00] admin_statistics.INFO: Pimcore\Bundle\AdminBundle\Controller\Admin\DataObject\ClassController::getTreeAction [2,"pimcore_admin_dataobject_class_gettree",[],{"page":"1","start":"0","limit":"25"}] []
[2025-12-16T05:13:08.440338+00:00] admin_statistics.INFO: Pimcore\Bundle\AdminBundle\Controller\Admin\DataObject\ClassController::getTreeAction [2,"pimcore_admin_dataobject_class_gettree",[],{"createAllowed":"true","page":"1","start":"0","limit":"25"}] []
[2025-12-16T05:13:10.197171+00:00] admin_statistics.INFO: Pimcore\Bundle\AdminBundle\Controller\Admin\DataObject\ClassController::getTreeAction [2,"pimcore_admin_dataobject_class_gettree",[],{"page":"1","start":"0","limit":"25"}] []
[2025-12-16T05:13:10.217479+00:00] admin_statistics.INFO: Pimcore\Bundle\AdminBundle\Controller\Admin\DataObject\ClassController::getDocumentTypesAction [2,"pimcore_admin_dataobject_class_getdocumenttypes",[],{"page":"1","start":"0","limit":"25"}] []
[2025-12-16T05:13:10.222219+00:00] admin_statistics.INFO: Pimcore\Bundle\AdminBundle\Controller\Admin\DataObject\ClassController::getAssetTypesAction [2,"pimcore_admin_dataobject_class_getassettypes",[],{"page":"1","start":"0","limit":"25"}] []
[2025-12-16T05:13:18.034375+00:00] admin_statistics.INFO: Pimcore\Bundle\AdminBundle\Controller\Admin\DataObject\ClassController::saveAction [2,"pimcore_admin_dataobject_class_save",[],{"configuration":"{\"children\":[{\"name\":\"Layout\",\"datatype\"...","values":"{\"dao\":null,\"id\":\"event\",\"name\":\"Event\",...","id":"event"}] []
[2025-12-16T05:13:18.202884+00:00] admin_statistics.INFO: Pimcore\Bundle\AdminBundle\Controller\Admin\DataObject\ClassController::getTreeAction [2,"pimcore_admin_dataobject_class_gettree",[],{"page":"1","start":"0","limit":"25"}] []
[2025-12-16T05:13:18.226071+00:00] admin_statistics.INFO: Pimcore\Bundle\AdminBundle\Controller\Admin\DataObject\ClassController::getTreeAction [2,"pimcore_admin_dataobject_class_gettree",[],{"grouped":"1","withId":"1","node":"0"}] []
[2025-12-16T05:13:18.248332+00:00] admin_statistics.INFO: Pimcore\Bundle\AdminBundle\Controller\Admin\DataObject\ClassController::getTreeAction [2,"pimcore_admin_dataobject_class_gettree",[],{"createAllowed":"true","page":"1","start":"0","limit":"25"}] []
[2025-12-16T05:13:19.541646+00:00] admin_statistics.INFO: Pimcore\Bundle\AdminBundle\Controller\Admin\NotificationController::findLastUnreadAction [2,"pimcore_admin_notification_findlastunread",[],{"lastUpdate":"1765861969"}] []
[2025-12-16T05:13:31.181214+00:00] admin_statistics.INFO: Pimcore\Bundle\AdminBundle\Controller\Admin\MiscController::getValidFilenameAction [2,"pimcore_admin_misc_getvalidfilename",[],{"value":"ddw","type":"object"}] []
[2025-12-16T05:13:31.225598+00:00] admin_statistics.INFO: Pimcore\Bundle\AdminBundle\Controller\Admin\DataObject\DataObjectController::addAction [2,"pimcore_admin_dataobject_dataobject_add",[],{"elementType":"object","parentId":"2","className":"Customer","classId":"customer","key":"ddw"}] []
[2025-12-16T05:13:31.307997+00:00] admin_statistics.INFO: Pimcore\Bundle\AdminBundle\Controller\Admin\DataObject\DataObjectController::getAction [2,"pimcore_admin_dataobject_dataobject_get",[],{"id":"7"}] []
[2025-12-16T05:13:31.322501+00:00] admin_statistics.INFO: Pimcore\Bundle\AdminBundle\Controller\Admin\DataObject\DataObjectController::treeGetChildrenByIdAction [2,"pimcore_admin_dataobject_dataobject_treegetchildrenbyid",[],{"limit":"30","view":"","parentPath":"/Customers","fromPaging":"0","start":"0","page":"1","node":"2"}] []
[2025-12-16T05:13:37.239400+00:00] admin_statistics.INFO: Pimcore\Bundle\AdminBundle\Controller\Admin\MiscController::getValidFilenameAction [2,"pimcore_admin_misc_getvalidfilename",[],{"value":"dwdw","type":"object"}] []
[2025-12-16T05:13:37.305061+00:00] admin_statistics.INFO: Pimcore\Bundle\AdminBundle\Controller\Admin\DataObject\DataObjectController::addAction [2,"pimcore_admin_dataobject_dataobject_add",[],{"elementType":"object","parentId":"5","className":"Event","classId":"event","key":"dwdw"}] []
[2025-12-16T05:13:37.389489+00:00] admin_statistics.INFO: Pimcore\Bundle\AdminBundle\Controller\Admin\DataObject\DataObjectController::getAction [2,"pimcore_admin_dataobject_dataobject_get",[],{"id":"8"}] []
[2025-12-16T05:13:37.411110+00:00] admin_statistics.INFO: Pimcore\Bundle\AdminBundle\Controller\Admin\DataObject\DataObjectController::treeGetChildrenByIdAction [2,"pimcore_admin_dataobject_dataobject_treegetchildrenbyid",[],{"limit":"30","view":"","parentPath":"/Events","fromPaging":"0","start":"0","page":"1","node":"5"}] []
[2025-12-16T05:13:45.105150+00:00] admin_statistics.INFO: Pimcore\Bundle\AdminBundle\Controller\Admin\ElementController::isLockedAction [2,"pimcore_admin_element_islocked",[],{"id":"8","type":"object"}] []
[2025-12-16T05:13:45.150344+00:00] admin_statistics.INFO: Pimcore\Bundle\AdminBundle\Controller\Admin\ElementController::lockElementAction [2,"pimcore_admin_element_lockelement",[],{"id":"8","type":"object"}] []
[2025-12-16T05:13:45.193495+00:00] admin_statistics.INFO: Pimcore\Bundle\AdminBundle\Controller\Admin\DataObject\DataObjectController::saveAction [2,"pimcore_admin_dataobject_dataobject_save",[],{"task":"autoSave","id":"8","data":"{\"customerOrProspects\":{\"id\":7,\"type\":\"o...","general":"{\"id\":8,\"creationDate\":1765862017,\"userO..."}] []
[2025-12-16T05:13:49.534299+00:00] admin_statistics.INFO: Pimcore\Bundle\AdminBundle\Controller\Admin\NotificationController::findLastUnreadAction [2,"pimcore_admin_notification_findlastunread",[],{"lastUpdate":"1765861999"}] []
[2025-12-16T05:13:49.548816+00:00] admin_statistics.INFO: Pimcore\Bundle\AdminBundle\Controller\Admin\TranslationController::addAdminTranslationKeysAction [2,"pimcore_admin_translation_addadmintranslationkeys",[],{"keys":"[\"object_add_dialog_custom_text.Event\",\"..."}] []
[2025-12-16T05:17:19.420826+00:00] admin_statistics.INFO: Pimcore\Bundle\AdminBundle\Controller\Admin\NotificationController::findLastUnreadAction [2,"pimcore_admin_notification_findlastunread",[],{"lastUpdate":"1765862029"}] []
[2025-12-16T05:17:49.138566+00:00] admin_statistics.INFO: Pimcore\Bundle\AdminBundle\Controller\Admin\NotificationController::findLastUnreadAction [2,"pimcore_admin_notification_findlastunread",[],{"lastUpdate":"1765862239"}] []
[2025-12-16T05:17:57.731272+00:00] admin_statistics.INFO: Pimcore\Bundle\AdminBundle\Controller\Admin\TagsController::treeGetChildrenByIdAction [2,"pimcore_admin_tags_treegetchildrenbyid",[],{"showSelection":"true","assignmentCId":"","assignmentCType":"","node":"0"}] []
[2025-12-16T05:18:02.164683+00:00] admin_statistics.INFO: Pimcore\Bundle\AdminBundle\Controller\Admin\DataObject\DataObjectHelperController::gridGetColumnConfigAction [2,"pimcore_admin_dataobject_dataobjecthelper_gridgetcolumnconfig",[],{"id":"dealer","objectId":"1","gridtype":"search","gridConfigId":"","searchType":"search"}] []
[2025-12-16T05:18:02.240796+00:00] admin_statistics.INFO: Pimcore\Bundle\AdminBundle\Controller\Admin\TagsController::treeGetChildrenByIdAction [2,"pimcore_admin_tags_treegetchildrenbyid",[],{"showSelection":"true","assignmentCId":"","assignmentCType":"","node":"0"}] []
[2025-12-16T05:18:02.353705+00:00] admin_statistics.INFO: Pimcore\Bundle\SimpleBackendSearchBundle\Controller\SearchController::findAction [2,"pimcore_bundle_search_search_find",[],{"xaction":"read","class":"Dealer","query":"","type":"object","subtype":"object,variant","language":"en","context":"{\"scope\":\"objectEditor\",\"containerType\":...","page":"1","start":"0","limit":"25"}] []
[2025-12-16T05:18:19.120316+00:00] admin_statistics.INFO: Pimcore\Bundle\AdminBundle\Controller\Admin\NotificationController::findLastUnreadAction [2,"pimcore_admin_notification_findlastunread",[],{"lastUpdate":"1765862269"}] []
[2025-12-16T05:18:49.040317+00:00] admin_statistics.INFO: Pimcore\Bundle\AdminBundle\Controller\Admin\NotificationController::findLastUnreadAction [2,"pimcore_admin_notification_findlastunread",[],{"lastUpdate":"1765862299"}] []
[2025-12-16T05:19:19.031908+00:00] admin_statistics.INFO: Pimcore\Bundle\AdminBundle\Controller\Admin\NotificationController::findLastUnreadAction [2,"pimcore_admin_notification_findlastunread",[],{"lastUpdate":"1765862329"}] []
[2025-12-16T05:19:25.218590+00:00] admin_statistics.INFO: Pimcore\Bundle\AdminBundle\Controller\Admin\DataObject\ClassController::saveAction [2,"pimcore_admin_dataobject_class_save",[],{"configuration":"{\"children\":[{\"name\":\"Layout\",\"datatype\"...","values":"{\"dao\":null,\"id\":\"event\",\"name\":\"Event\",...","id":"event"}] []
[2025-12-16T05:19:25.419955+00:00] admin_statistics.INFO: Pimcore\Bundle\AdminBundle\Controller\Admin\DataObject\ClassController::getTreeAction [2,"pimcore_admin_dataobject_class_gettree",[],{"grouped":"1","withId":"1","node":"0"}] []
[2025-12-16T05:19:25.514707+00:00] admin_statistics.INFO: Pimcore\Bundle\AdminBundle\Controller\Admin\DataObject\ClassController::getTreeAction [2,"pimcore_admin_dataobject_class_gettree",[],{"page":"1","start":"0","limit":"25"}] []
[2025-12-16T05:19:25.571568+00:00] admin_statistics.INFO: Pimcore\Bundle\AdminBundle\Controller\Admin\DataObject\ClassController::getTreeAction [2,"pimcore_admin_dataobject_class_gettree",[],{"createAllowed":"true","page":"1","start":"0","limit":"25"}] []
[2025-12-16T05:19:32.639874+00:00] admin_statistics.INFO: Pimcore\Bundle\AdminBundle\Controller\Admin\ElementController::unlockElementAction [2,"pimcore_admin_element_unlockelement",[],{"id":"8","type":"object"}] []
[2025-12-16T05:19:33.172426+00:00] admin_statistics.INFO: Pimcore\Bundle\AdminBundle\Controller\Admin\DataObject\DataObjectController::getAction [2,"pimcore_admin_dataobject_dataobject_get",[],{"id":"8","layoutId":"0"}] []
[2025-12-16T05:19:48.960472+00:00] admin_statistics.INFO: Pimcore\Bundle\AdminBundle\Controller\Admin\TranslationController::addAdminTranslationKeysAction [2,"pimcore_admin_translation_addadmintranslationkeys",[],{"keys":"[\"Product View\",\"Catalog Download\",\"Pric..."}] []
[2025-12-16T05:19:49.310071+00:00] admin_statistics.INFO: Pimcore\Bundle\AdminBundle\Controller\Admin\NotificationController::findLastUnreadAction [2,"pimcore_admin_notification_findlastunread",[],{"lastUpdate":"1765862359"}] []
[2025-12-16T05:20:37.753858+00:00] admin_statistics.INFO: Pimcore\Bundle\AdminBundle\Controller\Admin\IndexController::indexAction [2,"pimcore_admin_index",[],[]] []
[2025-12-16T05:20:48.296648+00:00] admin_statistics.INFO: Pimcore\Bundle\AdminBundle\Controller\Admin\UserController::getImageAction [2,"pimcore_admin_user_getimage",[],[]] []
[2025-12-16T05:20:48.330104+00:00] admin_statistics.INFO: Pimcore\Bundle\AdminBundle\Controller\Admin\MiscController::adminCssAction [2,"pimcore_admin_misc_admincss",[],[]] []
[2025-12-16T05:20:48.410767+00:00] admin_statistics.INFO: Pimcore\Bundle\AdminBundle\Controller\Admin\MiscController::jsonTranslationsSystemAction [2,"pimcore_admin_misc_jsontranslationssystem",[],{"language":"en"}] []
[2025-12-16T05:20:48.470194+00:00] admin_statistics.INFO: Pimcore\Bundle\AdminBundle\Controller\Admin\UserController::getCurrentUserAction [2,"pimcore_admin_user_getcurrentuser",[],[]] []
[2025-12-16T05:20:48.524400+00:00] admin_statistics.INFO: Pimcore\Bundle\AdminBundle\Controller\Admin\MiscController::availableLanguagesAction [2,"pimcore_admin_misc_availablelanguages",[],[]] []
[2025-12-16T05:20:49.331013+00:00] admin_statistics.INFO: Pimcore\Bundle\AdminBundle\Controller\Admin\SettingsController::displayCustomLogoAction [2,"pimcore_settings_display_custom_logo",[],[]] []
[2025-12-16T05:20:49.339269+00:00] admin_statistics.INFO: Pimcore\Bundle\AdminBundle\Controller\Admin\Document\DocumentController::treeGetRootAction [2,"pimcore_admin_document_document_treegetroot",[],{"id":"1","view":"","elementType":"document"}] []
[2025-12-16T05:20:49.357984+00:00] admin_statistics.INFO: Pimcore\Bundle\AdminBundle\Controller\Admin\Asset\AssetController::treeGetRootAction [2,"pimcore_admin_asset_treegetroot",[],{"id":"1","view":"","elementType":"asset"}] []
[2025-12-16T05:20:49.379102+00:00] admin_statistics.INFO: Pimcore\Bundle\AdminBundle\Controller\Admin\DataObject\DataObjectController::treeGetRootAction [2,"pimcore_admin_dataobject_dataobject_treegetroot",[],{"id":"","view":"","elementType":"object"}] []
[2025-12-16T05:20:49.394374+00:00] admin_statistics.INFO: Pimcore\Bundle\AdminBundle\Controller\Admin\PortalController::dashboardListAction [2,"pimcore_admin_portal_dashboardlist",[],[]] []
[2025-12-16T05:20:49.409537+00:00] admin_statistics.INFO: Pimcore\Bundle\AdminBundle\Controller\Admin\Document\DocumentController::docTypesGetAction [2,"pimcore_admin_document_document_doctypesget",[],{"xaction":"read","page":"1","start":"0","limit":"25"}] []
[2025-12-16T05:20:49.419443+00:00] admin_statistics.INFO: Pimcore\Bundle\AdminBundle\Controller\Admin\DataObject\ClassController::getTreeAction [2,"pimcore_admin_dataobject_class_gettree",[],{"page":"1","start":"0","limit":"25"}] []
[2025-12-16T05:20:49.448597+00:00] admin_statistics.INFO: Pimcore\Bundle\AdminBundle\Controller\Admin\DataObject\ClassController::getTreeAction [2,"pimcore_admin_dataobject_class_gettree",[],{"createAllowed":"true","page":"1","start":"0","limit":"25"}] []
[2025-12-16T05:20:49.473996+00:00] admin_statistics.INFO: Pimcore\Bundle\AdminBundle\Controller\Admin\SettingsController::getAvailableAdminLanguagesAction [2,"pimcore_admin_settings_getavailableadminlanguages",[],{"page":"1","start":"0","limit":"25"}] []
[2025-12-16T05:20:49.484941+00:00] admin_statistics.INFO: Pimcore\Bundle\AdminBundle\Controller\Admin\SettingsController::getAvailableSitesAction [2,"pimcore_admin_settings_getavailablesites",[],{"page":"1","start":"0","limit":"25"}] []
[2025-12-16T05:20:49.495319+00:00] admin_statistics.INFO: Pimcore\Bundle\AdminBundle\Controller\Admin\DataObject\DataObjectController::treeGetChildrenByIdAction [2,"pimcore_admin_dataobject_dataobject_treegetchildrenbyid",[],{"limit":"30","view":"","page":"1","start":"0","node":"1"}] []
[2025-12-16T05:20:55.205419+00:00] admin_statistics.INFO: Pimcore\Bundle\AdminBundle\Controller\Admin\ElementController::unlockElementsAction [2,"pimcore_admin_element_unlockelements",[],{"csrfToken":"df2baea94eff61e0e76d4f082756ebc9beb51157"}] []
[2025-12-16T05:22:44.349515+00:00] admin_statistics.INFO: Pimcore\Bundle\AdminBundle\Controller\Admin\NotificationController::findLastUnreadAction [2,"pimcore_admin_notification_findlastunread",[],{"lastUpdate":"1765862389"}] []
[2025-12-16T05:22:49.583301+00:00] admin_statistics.INFO: Pimcore\Bundle\AdminBundle\Controller\Admin\NotificationController::findLastUnreadAction [2,"pimcore_admin_notification_findlastunread",[],{"lastUpdate":"1765862563"}] []
[2025-12-16T05:22:54.290890+00:00] admin_statistics.INFO: Pimcore\Bundle\AdminBundle\Controller\Admin\TagsController::treeGetChildrenByIdAction [2,"pimcore_admin_tags_treegetchildrenbyid",[],{"showSelection":"true","assignmentCId":"","assignmentCType":"","node":"0"}] []
[2025-12-16T05:27:29.213060+00:00] admin_statistics.INFO: Pimcore\Bundle\AdminBundle\Controller\Admin\NotificationController::findLastUnreadAction [2,"pimcore_admin_notification_findlastunread",[],{"lastUpdate":"1765862569"}] []
[2025-12-16T05:27:35.354311+00:00] admin_statistics.INFO: Pimcore\Bundle\AdminBundle\Controller\Admin\TagsController::treeGetChildrenByIdAction [2,"pimcore_admin_tags_treegetchildrenbyid",[],{"showSelection":"true","assignmentCId":"","assignmentCType":"","node":"0"}] []
[2025-12-16T05:27:42.743427+00:00] admin_statistics.INFO: Pimcore\Bundle\AdminBundle\Controller\Admin\DataObject\DataObjectHelperController::gridGetColumnConfigAction [2,"pimcore_admin_dataobject_dataobjecthelper_gridgetcolumnconfig",[],{"id":"customer","objectId":"1","gridtype":"search","gridConfigId":"","searchType":"search"}] []
[2025-12-16T05:27:42.931278+00:00] admin_statistics.INFO: Pimcore\Bundle\SimpleBackendSearchBundle\Controller\SearchController::findAction [2,"pimcore_bundle_search_search_find",[],{"xaction":"read","class":"Customer","query":"cu","type":"object","subtype":"object,variant","language":"en","context":"{\"scope\":\"objectEditor\",\"containerType\":...","page":"1","start":"0","limit":"25"}] []
[2025-12-16T05:27:49.993055+00:00] admin_statistics.INFO: Pimcore\Bundle\AdminBundle\Controller\Admin\NotificationController::findLastUnreadAction [2,"pimcore_admin_notification_findlastunread",[],{"lastUpdate":"1765862849"}] []
[2025-12-16T05:28:19.142222+00:00] admin_statistics.INFO: Pimcore\Bundle\AdminBundle\Controller\Admin\NotificationController::findLastUnreadAction [2,"pimcore_admin_notification_findlastunread",[],{"lastUpdate":"1765862869"}] []
[2025-12-16T05:34:49.187752+00:00] admin_statistics.INFO: Pimcore\Bundle\AdminBundle\Controller\Admin\MiscController::pingAction [2,"pimcore_admin_misc_ping",[],[]] []
